sp|Q05431|APX1_ARATH	scaffold4727_3605	75.22	226	56	0	1	226	1	226	5e-133	  379
sp|Q05431|APX1_ARATH	scaffold0029_3307615	79.52	210	42	1	41	250	25	233	3e-123	  354
sp|Q05431|APX1_ARATH	scaffold0681_172185	81.68	191	35	0	60	250	1	191	1e-114	  331
sp|Q05431|APX1_ARATH	scaffold0276_189863	63.64	242	87	1	6	247	4	244	4e-110	  323
sp|Q05431|APX1_ARATH	scaffold0050_1276797	62.96	243	89	1	6	248	4	245	6e-106	  312
sp|Q1PER6|APX2_ARATH	scaffold0029_3307615	84.65	215	33	0	37	251	20	234	2e-134	  383
sp|Q1PER6|APX2_ARATH	scaffold4727_3605	77.88	226	49	1	2	226	1	226	1e-130	  373
sp|Q1PER6|APX2_ARATH	scaffold0276_189863	65.56	241	83	0	7	247	4	244	2e-113	  331
sp|Q1PER6|APX2_ARATH	scaffold0681_172185	83.68	190	30	1	61	249	1	190	8e-112	  323
sp|Q1PER6|APX2_ARATH	scaffold0050_1276797	64.05	242	87	0	7	248	4	245	2e-106	  313
sp|Q42564|APX3_ARATH	scaffold0050_1276797	82.29	288	47	2	1	287	1	285	9e-165	  463
sp|Q42564|APX3_ARATH	scaffold0276_189863	75.00	284	67	1	1	284	1	280	1e-151	  429
sp|Q42564|APX3_ARATH	scaffold0029_3307615	67.96	206	66	0	39	244	25	230	5e-98	  291
sp|Q42564|APX3_ARATH	scaffold4727_3605	64.09	220	78	1	4	222	6	225	1e-97	  291
sp|Q42564|APX3_ARATH	scaffold0681_172185	68.09	188	59	1	58	244	1	188	5e-86	  259
sp|Q42592|APXS_ARATH	scaffold3921_6257	82.50	280	49	0	93	372	84	363	2e-179	  507
sp|Q42592|APXS_ARATH	scaffold0041_1339238	82.31	277	49	0	96	372	70	346	4e-176	  501
sp|Q42592|APXS_ARATH	scaffold0050_1276797	50.00	268	103	6	106	371	13	251	6e-80	  250
sp|Q42592|APXS_ARATH	scaffold0276_189863	50.96	261	101	6	106	366	13	246	6e-77	  242
sp|Q42592|APXS_ARATH	scaffold0681_172185	52.40	208	77	5	155	361	1	187	2e-56	  186
sp|Q42593|APXT_ARATH	scaffold0041_1339238	74.33	374	86	2	44	416	48	412	0.0	  582
sp|Q42593|APXT_ARATH	scaffold3921_6257	79.11	316	56	3	47	361	68	374	0.0	  517
sp|Q42593|APXT_ARATH	scaffold0681_172185	51.44	208	79	4	134	340	1	187	1e-57	  191
sp|Q8GY91|APX6_ARATH	scaffold0140_1007035	78.29	152	33	0	178	329	1	152	1e-80	  245
sp|Q7XZP5|APX5_ARATH	scaffold0276_189863	71.37	241	68	1	5	244	6	246	4e-126	  365
sp|Q7XZP5|APX5_ARATH	scaffold0050_1276797	67.14	280	87	2	5	279	6	285	5e-126	  364
sp|Q7XZP5|APX5_ARATH	scaffold0029_3307615	62.14	206	77	1	38	242	25	230	1e-85	  259
sp|Q7XZP5|APX5_ARATH	scaffold4727_3605	58.26	218	89	2	5	220	8	225	1e-85	  259
sp|Q7XZP5|APX5_ARATH	scaffold0681_172185	61.17	188	71	2	57	242	1	188	7e-73	  225
