sp|Q9FX85|PER10_ARATH	scaffold1280_156204	67.78	329	95	3	28	348	388	713	4e-152	  455
sp|Q9FX85|PER10_ARATH	scaffold0105_971799	66.01	303	97	4	44	346	23	319	4e-138	  400
sp|Q9FX85|PER10_ARATH	scaffold0211_1610443	52.77	307	140	3	42	346	25	328	9e-107	  320
sp|Q9FX85|PER10_ARATH	scaffold0398_928421	52.86	297	136	3	51	346	33	326	2e-102	  309
sp|Q9FX85|PER10_ARATH	scaffold0802_512065	54.10	305	130	5	46	346	25	323	2e-101	  306
sp|Q9FX85|PER10_ARATH	scaffold0029_1102648	51.34	298	140	3	51	346	46	340	2e-97	  296
sp|Q9FX85|PER10_ARATH	scaffold1169_167923	50.32	308	142	4	41	346	25	323	1e-95	  291
sp|Q9FX85|PER10_ARATH	scaffold1577_74753	52.22	270	125	3	78	346	1	267	9e-90	  274
sp|Q9FX85|PER10_ARATH	scaffold0010_340125	50.84	297	133	6	52	346	29	314	5e-89	  274
sp|Q9FX85|PER10_ARATH	scaffold0976_86023	50.21	239	105	6	110	346	47	273	8e-63	  205
sp|Q96520|PER12_ARATH	scaffold3102_1604	63.32	349	122	3	6	352	3	347	1e-163	  466
sp|Q96520|PER12_ARATH	scaffold0656_2985	62.29	350	126	3	10	357	4	349	5e-161	  459
sp|Q96520|PER12_ARATH	scaffold4235_6773	61.32	349	129	3	6	352	3	347	1e-157	  451
sp|Q96520|PER12_ARATH	scaffold1022_226285	54.94	344	145	4	10	351	7	342	1e-130	  382
sp|Q96520|PER12_ARATH	scaffold1022_203666	50.42	361	163	4	3	358	5	354	3e-123	  363
sp|Q96520|PER12_ARATH	scaffold1022_211912	52.16	347	158	3	6	349	3	344	8e-123	  362
sp|Q96520|PER12_ARATH	scaffold3102_15464	63.49	252	90	1	103	352	77	328	2e-116	  345
sp|Q96520|PER12_ARATH	scaffold3362_3551	62.94	197	71	1	155	349	11	207	3e-85	  261
sp|Q96520|PER12_ARATH	scaffold7764_480	54.89	235	70	3	154	352	9	243	3e-79	  247
sp|Q96520|PER12_ARATH	scaffold0509_86538	58.82	119	47	1	235	351	1	119	3e-43	  149
sp|Q96520|PER12_ARATH	scaffold0246_1345901	59.52	84	30	2	6	89	3	82	4e-27	  104
sp|Q96519|PER11_ARATH	scaffold0195_290440	70.96	334	89	3	6	336	14	342	0.0	  508
sp|Q96519|PER11_ARATH	scaffold0140_552360	70.52	329	94	2	8	336	16	341	2e-177	  499
sp|Q9SI17|PER14_ARATH	scaffold0398_928421	70.76	301	88	0	35	335	30	330	9e-160	  454
sp|Q9SI17|PER14_ARATH	scaffold1577_74753	70.11	271	81	0	65	335	1	271	4e-139	  400
sp|Q9SI17|PER14_ARATH	scaffold0029_1102648	59.93	302	120	1	35	335	43	344	2e-131	  383
sp|Q9SI17|PER14_ARATH	scaffold0802_512065	50.59	338	153	3	1	335	1	327	1e-115	  342
sp|Q9SI17|PER14_ARATH	scaffold0387_346261	50.91	328	144	3	8	335	6	316	2e-114	  338
sp|Q9SI17|PER14_ARATH	scaffold0211_1610443	53.67	300	138	1	39	337	35	334	2e-112	  334
sp|Q9SI17|PER14_ARATH	scaffold1299_48856	51.31	306	139	3	32	335	31	328	1e-107	  321
sp|Q9SI17|PER14_ARATH	scaffold0387_379958	51.49	303	137	3	35	335	31	325	1e-104	  314
sp|Q9SI17|PER14_ARATH	scaffold1277_61805	51.84	299	142	2	39	335	32	330	2e-104	  313
sp|Q9SI17|PER14_ARATH	scaffold0443_406417	50.51	297	140	2	39	335	32	321	5e-103	  310
sp|Q9SI17|PER14_ARATH	scaffold1044_231678	50.16	305	144	3	32	335	25	322	5e-102	  307
sp|Q9SI17|PER14_ARATH	scaffold0214_212199	50.67	298	140	3	39	336	33	323	1e-101	  306
sp|Q9SI17|PER14_ARATH	scaffold1954_3377	50.17	297	137	3	39	335	36	321	2e-101	  305
sp|Q9SI17|PER14_ARATH	scaffold0105_971799	52.01	298	137	4	39	335	31	323	1e-99	  301
sp|Q9SI17|PER14_ARATH	scaffold1954_26748	51.00	300	137	4	37	335	30	320	2e-99	  300
sp|Q9SI17|PER14_ARATH	scaffold1954_36654	51.00	300	137	4	37	335	30	320	1e-98	  298
sp|Q9SI17|PER14_ARATH	scaffold0118_220511	51.50	301	137	3	35	335	29	320	2e-98	  297
sp|Q9SI17|PER14_ARATH	scaffold0010_340125	50.33	302	141	4	35	335	25	318	6e-98	  296
sp|Q9SI17|PER14_ARATH	scaffold0246_775027	50.65	306	139	7	35	336	20	317	1e-96	  293
sp|Q9SI17|PER14_ARATH	scaffold0976_93116	51.19	293	133	4	44	335	37	320	8e-96	  291
sp|Q9SI17|PER14_ARATH	scaffold0639_662386	50.33	304	139	7	37	336	22	317	2e-94	  287
sp|Q9SI17|PER14_ARATH	scaffold1280_156204	51.36	294	141	2	39	331	419	711	8e-94	  301
sp|Q9SI17|PER14_ARATH	scaffold1044_206818	50.00	300	140	4	39	335	59	351	5e-90	  277
sp|Q9SI17|PER14_ARATH	scaffold1092_77465	52.24	245	110	1	38	282	27	264	2e-86	  266
sp|Q9SI17|PER14_ARATH	scaffold1680_30288	54.44	169	77	0	35	203	29	197	5e-58	  190
sp|Q9SI17|PER14_ARATH	scaffold0657_633600	54.04	161	74	0	39	199	35	195	3e-52	  176
sp|Q9SI17|PER14_ARATH	scaffold0471_724535	54.63	108	49	0	34	141	28	135	7e-36	  129
sp|Q9SI16|PER15_ARATH	scaffold0398_928421	75.58	303	74	0	34	336	28	330	3e-173	  488
sp|Q9SI16|PER15_ARATH	scaffold1577_74753	74.54	271	69	0	66	336	1	271	5e-150	  427
sp|Q9SI16|PER15_ARATH	scaffold0029_1102648	62.91	302	111	1	36	336	43	344	6e-141	  407
sp|Q9SI16|PER15_ARATH	scaffold0387_346261	50.46	329	145	3	8	336	6	316	2e-115	  341
sp|Q9SI16|PER15_ARATH	scaffold0802_512065	50.15	339	154	3	1	336	1	327	4e-115	  340
sp|Q9SI16|PER15_ARATH	scaffold0211_1610443	52.67	300	141	1	40	338	35	334	5e-111	  330
sp|Q9SI16|PER15_ARATH	scaffold1299_48856	51.63	306	138	3	33	336	31	328	6e-110	  327
sp|Q9SI16|PER15_ARATH	scaffold0387_379958	52.17	299	133	3	40	336	35	325	8e-108	  322
sp|Q9SI16|PER15_ARATH	scaffold1954_3377	50.84	297	135	3	40	336	36	321	2e-105	  316
sp|Q9SI16|PER15_ARATH	scaffold0423_136258	50.49	309	139	2	40	336	41	347	3e-105	  316
sp|Q9SI16|PER15_ARATH	scaffold0010_343778	50.51	297	136	3	40	336	36	321	3e-104	  313
sp|Q9SI16|PER15_ARATH	scaffold1277_61805	50.82	305	148	2	34	336	26	330	5e-102	  308
sp|Q9SI16|PER15_ARATH	scaffold0105_971799	52.01	298	137	4	40	336	31	323	5e-101	  304
sp|Q9SI16|PER15_ARATH	scaffold1954_26748	50.00	300	140	4	38	336	30	320	7e-100	  301
sp|Q9SI16|PER15_ARATH	scaffold0246_775027	50.50	303	144	5	36	337	20	317	7e-100	  301
sp|Q9SI16|PER15_ARATH	scaffold1954_36654	50.67	300	138	4	38	336	30	320	9e-100	  301
sp|Q9SI16|PER15_ARATH	scaffold0976_93116	50.85	293	134	4	45	336	37	320	4e-97	  294
sp|Q9SI16|PER15_ARATH	scaffold0118_220511	50.84	297	137	3	40	336	33	320	4e-97	  294
sp|Q9SI16|PER15_ARATH	scaffold1280_156204	51.36	294	141	2	40	332	419	711	4e-96	  308
sp|Q9SI16|PER15_ARATH	scaffold1092_77465	51.60	250	114	1	34	283	22	264	8e-87	  267
sp|Q9SI16|PER15_ARATH	scaffold1680_30288	52.91	172	81	0	33	204	26	197	6e-59	  192
sp|Q9SI16|PER15_ARATH	scaffold0482_9275	50.39	127	53	1	39	155	32	158	1e-35	  130
sp|Q9SI16|PER15_ARATH	scaffold0471_724535	54.13	109	50	0	34	142	27	135	3e-35	  128
sp|O49293|PER13_ARATH	scaffold0026_3341822	58.07	322	124	5	6	319	9	327	1e-125	  367
sp|O49293|PER13_ARATH	scaffold0082_1115112	51.15	305	139	4	22	319	18	319	8e-94	  285
sp|O49293|PER13_ARATH	scaffold0482_9275	51.64	122	57	2	9	128	14	135	1e-34	  126
sp|Q9SJZ2|PER17_ARATH	scaffold0246_775027	77.47	324	72	1	7	329	4	327	0.0	  527
sp|Q9SJZ2|PER17_ARATH	scaffold0639_662386	78.88	303	63	1	24	325	21	323	0.0	  512
sp|Q9SJZ2|PER17_ARATH	scaffold0398_928421	50.32	308	149	3	16	319	23	330	3e-102	  307
sp|Q9SJZ2|PER17_ARATH	scaffold1577_74753	50.00	270	131	3	54	319	2	271	5e-86	  264
sp|Q96518|PER16_ARATH	scaffold2268_34879	75.91	303	70	1	24	323	25	327	6e-174	  489
sp|Q96518|PER16_ARATH	scaffold0182_11932	73.18	302	78	1	23	321	26	327	9e-165	  467
sp|Q96518|PER16_ARATH	scaffold0310_467929	68.08	307	94	1	21	323	24	330	6e-156	  444
sp|Q96518|PER16_ARATH	scaffold0237_1003923	61.18	304	113	2	23	323	23	324	1e-135	  392
sp|Q96518|PER16_ARATH	scaffold1227_74962	51.42	317	118	5	12	323	9	294	1e-104	  312
sp|Q96518|PER16_ARATH	scaffold3381_12690	58.54	246	95	3	12	252	9	252	2e-98	  295
sp|Q96518|PER16_ARATH	scaffold1863_32489	65.36	179	58	1	14	188	17	195	6e-80	  245
sp|O22959|PER19_ARATH	scaffold0557_542966	66.08	339	109	1	6	344	26	358	4e-165	  469
sp|O22959|PER19_ARATH	scaffold0827_486120	70.45	308	91	0	37	344	37	344	1e-163	  465
sp|O22959|PER19_ARATH	scaffold0827_498661	67.72	189	61	0	156	344	5	193	6e-93	  280
sp|P0DI10|PER1_ARATH	scaffold0644_522044	61.59	302	112	3	26	325	29	328	6e-136	  393
sp|P0DI10|PER1_ARATH	scaffold1621_65474	58.20	311	127	2	16	325	35	343	1e-134	  390
sp|P0DI10|PER1_ARATH	scaffold0155_281966	55.84	308	133	2	16	322	35	340	4e-125	  376
sp|P0DI10|PER1_ARATH	scaffold0155_205657	56.51	292	124	2	35	325	36	325	7e-123	  360
sp|P0DI10|PER1_ARATH	scaffold0343_533647	55.15	301	121	3	26	325	29	316	3e-114	  337
sp|P0DI10|PER1_ARATH	scaffold0765_99564	52.81	303	138	2	26	325	28	328	3e-109	  325
sp|P0DI10|PER1_ARATH	scaffold0320_759832	52.17	299	136	5	30	325	28	322	1e-108	  323
sp|P0DI10|PER1_ARATH	scaffold0795_506649	50.62	324	153	3	7	325	11	332	3e-105	  315
sp|P0DI10|PER1_ARATH	scaffold0795_525270	51.82	303	141	2	26	325	30	330	1e-104	  313
sp|P0DI10|PER1_ARATH	scaffold0155_344723	58.05	236	98	1	16	250	35	270	4e-99	  304
sp|P0DI10|PER1_ARATH	scaffold0155_344723	55.21	192	84	1	134	325	283	472	7e-69	  226
sp|P0DI10|PER1_ARATH	scaffold0458_441134	51.53	295	134	6	35	325	357	646	2e-95	  300
sp|P0DI10|PER1_ARATH	scaffold0582_702911	50.67	298	138	6	29	321	30	323	1e-96	  303
sp|Q9SLH7|PER20_ARATH	scaffold0362_101275	68.97	319	98	1	17	335	20	337	2e-163	  464
sp|Q9SLH7|PER20_ARATH	scaffold0029_1102648	55.41	314	120	3	30	335	43	344	2e-112	  334
sp|Q9SLH7|PER20_ARATH	scaffold0398_928421	52.41	311	139	3	27	335	27	330	4e-108	  323
sp|Q9SLH7|PER20_ARATH	scaffold0423_136258	50.14	345	148	4	8	335	10	347	2e-105	  317
sp|Q9SLH7|PER20_ARATH	scaffold0010_343778	50.00	306	137	3	30	335	32	321	2e-96	  293
sp|Q9SLH7|PER20_ARATH	scaffold1954_3377	50.33	306	136	3	30	335	32	321	3e-96	  292
sp|Q9SLH7|PER20_ARATH	scaffold1577_74753	52.33	279	124	3	60	336	1	272	2e-95	  288
sp|Q9SLH7|PER20_ARATH	scaffold1954_36654	51.82	303	131	6	34	335	32	320	4e-89	  273
sp|Q9SLH7|PER20_ARATH	scaffold1954_26748	51.15	305	130	7	34	335	32	320	3e-88	  271
sp|Q9SLH7|PER20_ARATH	scaffold0976_93116	52.35	298	127	6	39	335	37	320	8e-88	  270
sp|Q9SLH7|PER20_ARATH	scaffold0657_633600	54.55	165	75	0	30	194	31	195	5e-54	  181
sp|Q9SLH7|PER20_ARATH	scaffold1680_30288	52.41	166	79	0	30	195	29	194	1e-50	  171
sp|Q9SLH7|PER20_ARATH	scaffold0482_9275	55.45	110	49	0	33	142	32	141	1e-32	  122
sp|P24102|PER22_ARATH	scaffold0211_1610443	58.28	326	134	2	8	333	9	332	2e-134	  390
sp|P24102|PER22_ARATH	scaffold1277_61805	57.52	339	136	2	11	349	14	344	6e-131	  382
sp|P24102|PER22_ARATH	scaffold4887_1091	59.67	305	123	0	29	333	27	331	3e-130	  380
sp|P24102|PER22_ARATH	scaffold0802_512065	51.14	307	144	3	29	333	25	327	5e-102	  307
sp|P24102|PER22_ARATH	scaffold0471_737858	54.94	253	107	2	83	333	14	261	4e-92	  280
sp|P24102|PER22_ARATH	scaffold0471_723181	54.80	250	99	3	93	333	4	248	5e-86	  264
sp|P24102|PER22_ARATH	scaffold4887_4440	57.95	195	82	0	139	333	1	195	2e-79	  245
sp|P24102|PER22_ARATH	scaffold0471_724535	61.82	110	42	0	29	138	27	136	7e-41	  143
sp|P24102|PER22_ARATH	scaffold1277_45594	51.79	112	54	0	222	333	196	307	3e-32	  124
sp|Q42580|PER21_ARATH	scaffold0929_383356	74.17	302	77	1	26	327	30	330	8e-173	  487
sp|Q42580|PER21_ARATH	scaffold0917_338014	58.39	298	123	1	30	327	32	328	2e-132	  384
sp|Q42580|PER21_ARATH	scaffold0591_141879	58.05	298	124	1	30	327	32	328	1e-131	  382
sp|O80912|PER23_ARATH	scaffold1277_61805	57.52	339	136	2	11	349	14	344	5e-130	  380
sp|O80912|PER23_ARATH	scaffold4887_1091	58.69	305	126	0	29	333	27	331	8e-128	  374
sp|O80912|PER23_ARATH	scaffold0211_1610443	55.21	326	144	2	8	333	9	332	4e-126	  369
sp|O80912|PER23_ARATH	scaffold0802_512065	50.16	307	147	3	29	333	25	327	1e-103	  311
sp|O80912|PER23_ARATH	scaffold0471_737858	56.13	253	104	2	83	333	14	261	3e-94	  286
sp|O80912|PER23_ARATH	scaffold1577_74753	50.18	273	134	2	61	333	1	271	8e-93	  282
sp|O80912|PER23_ARATH	scaffold0471_723181	55.60	250	97	3	93	333	4	248	3e-87	  267
sp|O80912|PER23_ARATH	scaffold4887_4440	58.46	195	81	0	139	333	1	195	1e-77	  241
sp|O80912|PER23_ARATH	scaffold0471_724535	59.09	110	45	0	29	138	27	136	4e-40	  141
sp|Q9ZV04|PER24_ARATH	scaffold0458_441134	61.56	320	111	5	31	350	339	646	9e-128	  384
sp|Q9ZV04|PER24_ARATH	scaffold0458_441134	56.03	307	129	4	44	350	24	324	6e-114	  348
sp|Q9ZV04|PER24_ARATH	scaffold0458_446899	55.74	305	129	3	46	350	26	324	5e-112	  333
sp|Q9ZV04|PER24_ARATH	scaffold0320_759832	53.09	307	138	3	44	350	22	322	1e-109	  327
sp|Q9ZV04|PER24_ARATH	scaffold0582_702911	54.87	308	131	5	44	349	25	326	4e-109	  337
sp|Q9ZV04|PER24_ARATH	scaffold0582_702911	54.52	310	135	4	41	350	371	674	2e-107	  333
sp|Q9ZV04|PER24_ARATH	scaffold0644_522044	50.16	307	144	6	46	350	29	328	3e-89	  275
sp|Q9ZV04|PER24_ARATH	scaffold0343_533647	50.97	308	128	7	46	350	29	316	5e-89	  274
sp|Q9ZV04|PER24_ARATH	scaffold0155_344723	50.63	237	111	3	46	282	45	275	7e-72	  234
sp|Q9ZV04|PER24_ARATH	scaffold0482_9275	51.75	114	54	1	44	157	27	139	4e-31	  118
sp|O80822|PER25_ARATH	scaffold0082_1115112	76.67	300	70	0	29	328	20	319	2e-174	  491
sp|O80822|PER25_ARATH	scaffold1429_8956	61.54	325	122	3	5	328	1	323	8e-149	  426
sp|O80822|PER25_ARATH	scaffold0390_841217	61.32	318	121	2	11	328	6	321	1e-142	  410
sp|O80822|PER25_ARATH	scaffold0465_345194	60.25	322	121	3	10	328	14	331	2e-142	  410
sp|O80822|PER25_ARATH	scaffold0390_824115	60.62	320	124	2	10	328	4	322	6e-142	  408
sp|O80822|PER25_ARATH	scaffold0043_2958342	59.32	322	124	3	10	328	14	331	8e-139	  401
sp|O80822|PER25_ARATH	scaffold0026_3341822	50.31	322	152	5	12	328	9	327	1e-101	  306
sp|O80822|PER25_ARATH	scaffold0155_344723	53.22	233	104	3	27	255	43	274	2e-75	  243
sp|O80822|PER25_ARATH	scaffold0482_9275	50.00	124	58	1	12	131	12	135	2e-33	  123
sp|Q43735|PER27_ARATH	scaffold0765_99564	62.31	329	115	4	1	321	1	328	4e-145	  416
sp|Q43735|PER27_ARATH	scaffold0795_525270	61.93	331	115	5	1	321	1	330	4e-141	  406
sp|Q43735|PER27_ARATH	scaffold0795_506649	61.92	323	114	5	7	321	11	332	8e-138	  398
sp|Q43735|PER27_ARATH	scaffold1621_65474	62.83	304	110	2	21	321	40	343	5e-137	  396
sp|Q43735|PER27_ARATH	scaffold0644_522044	62.83	304	109	3	22	321	25	328	4e-135	  391
sp|Q43735|PER27_ARATH	scaffold0155_205657	59.08	303	119	3	22	321	25	325	2e-125	  366
sp|Q43735|PER27_ARATH	scaffold0155_281966	59.60	297	117	2	24	317	43	339	1e-122	  370
sp|Q43735|PER27_ARATH	scaffold0155_281966	50.84	297	104	3	24	317	365	622	2e-94	  296
sp|Q43735|PER27_ARATH	scaffold0343_533647	57.49	327	122	5	1	321	1	316	2e-122	  358
sp|Q43735|PER27_ARATH	scaffold0096_2278443	55.56	315	135	4	12	321	11	325	4e-121	  355
sp|Q43735|PER27_ARATH	scaffold0190_337052	54.92	315	137	4	12	321	11	325	1e-117	  346
sp|Q43735|PER27_ARATH	scaffold0320_759832	54.64	302	130	5	25	321	23	322	8e-111	  329
sp|Q43735|PER27_ARATH	scaffold1616_64744	51.89	318	145	5	12	321	11	328	5e-107	  319
sp|Q43735|PER27_ARATH	scaffold0458_441134	54.36	298	129	6	26	318	26	321	1e-103	  321
sp|Q43735|PER27_ARATH	scaffold0458_441134	52.44	307	138	6	20	321	343	646	1e-94	  297
sp|Q43735|PER27_ARATH	scaffold0582_702911	51.86	322	140	7	10	318	5	324	1e-101	  316
sp|Q43735|PER27_ARATH	scaffold0582_702911	50.66	304	143	6	23	321	373	674	2e-95	  300
sp|Q43735|PER27_ARATH	scaffold0458_446899	50.49	305	144	5	22	321	22	324	9e-99	  298
sp|Q43735|PER27_ARATH	scaffold0155_344723	60.00	230	89	2	24	250	43	272	5e-94	  291
sp|Q43735|PER27_ARATH	scaffold0155_344723	56.67	210	89	1	114	321	263	472	1e-74	  240
sp|Q43735|PER27_ARATH	scaffold0482_9275	52.27	132	56	3	7	136	15	141	7e-35	  127
sp|Q9SS67|PER28_ARATH	scaffold0098_1922902	56.44	303	125	3	21	321	19	316	1e-114	  339
sp|O22862|PER26_ARATH	scaffold0024_2563423	67.17	332	108	1	5	335	6	337	3e-168	  476
sp|Q67Z07|PER2_ARATH	scaffold0644_522044	61.59	302	112	3	26	325	29	328	6e-136	  393
sp|Q67Z07|PER2_ARATH	scaffold1621_65474	58.20	311	127	2	16	325	35	343	1e-134	  390
sp|Q67Z07|PER2_ARATH	scaffold0155_281966	55.84	308	133	2	16	322	35	340	4e-125	  376
sp|Q67Z07|PER2_ARATH	scaffold0155_205657	56.51	292	124	2	35	325	36	325	7e-123	  360
sp|Q67Z07|PER2_ARATH	scaffold0343_533647	55.15	301	121	3	26	325	29	316	3e-114	  337
sp|Q67Z07|PER2_ARATH	scaffold0765_99564	52.81	303	138	2	26	325	28	328	3e-109	  325
sp|Q67Z07|PER2_ARATH	scaffold0320_759832	52.17	299	136	5	30	325	28	322	1e-108	  323
sp|Q67Z07|PER2_ARATH	scaffold0795_506649	50.62	324	153	3	7	325	11	332	3e-105	  315
sp|Q67Z07|PER2_ARATH	scaffold0795_525270	51.82	303	141	2	26	325	30	330	1e-104	  313
sp|Q67Z07|PER2_ARATH	scaffold0155_344723	58.05	236	98	1	16	250	35	270	4e-99	  304
sp|Q67Z07|PER2_ARATH	scaffold0155_344723	55.21	192	84	1	134	325	283	472	7e-69	  226
sp|Q67Z07|PER2_ARATH	scaffold0458_441134	51.53	295	134	6	35	325	357	646	2e-95	  300
sp|Q67Z07|PER2_ARATH	scaffold0582_702911	50.67	298	138	6	29	321	30	323	1e-96	  303
sp|Q9LSY7|PER30_ARATH	scaffold0096_2278443	68.24	318	100	1	13	329	9	326	9e-164	  464
sp|Q9LSY7|PER30_ARATH	scaffold0190_337052	68.24	318	100	1	13	329	9	326	2e-163	  463
sp|Q9LSY7|PER30_ARATH	scaffold1616_64744	62.62	321	117	1	12	329	9	329	3e-148	  425
sp|Q9LSY7|PER30_ARATH	scaffold0765_99564	56.29	302	127	3	27	325	26	325	2e-117	  346
sp|Q9LSY7|PER30_ARATH	scaffold0795_525270	53.46	318	143	3	11	325	12	327	1e-113	  337
sp|Q9LSY7|PER30_ARATH	scaffold0795_506649	53.48	316	140	4	15	325	16	329	6e-113	  335
sp|Q9LSY7|PER30_ARATH	scaffold1621_65474	53.65	315	139	5	15	326	31	341	6e-112	  333
sp|Q9LSY7|PER30_ARATH	scaffold0155_281966	53.04	313	144	3	15	326	31	341	2e-107	  331
sp|Q9LSY7|PER30_ARATH	scaffold1616_57331	53.46	318	132	1	12	329	9	310	5e-107	  319
sp|Q9LSY7|PER30_ARATH	scaffold0155_205657	54.45	292	130	3	36	326	34	323	9e-107	  319
sp|Q9LSY7|PER30_ARATH	scaffold0644_522044	53.36	298	137	2	29	325	29	325	1e-106	  318
sp|Q9LSY7|PER30_ARATH	scaffold0320_759832	51.82	303	141	4	29	329	24	323	4e-106	  317
sp|Q9LSY7|PER30_ARATH	scaffold0343_533647	51.18	297	133	2	29	325	29	313	9e-99	  298
sp|Q9LSY7|PER30_ARATH	scaffold0155_344723	55.74	244	105	3	15	257	31	272	4e-89	  278
sp|Q9LHA7|PER31_ARATH	scaffold0163_231995	68.75	320	95	2	1	316	1	319	1e-165	  468
sp|Q9LHA7|PER31_ARATH	scaffold0452_857224	70.86	302	87	1	15	316	21	321	1e-164	  465
sp|Q9LHA7|PER31_ARATH	scaffold0190_752137	59.15	306	119	1	17	316	21	326	2e-133	  387
sp|Q9LHA7|PER31_ARATH	scaffold1762_49473	57.61	309	125	1	14	316	17	325	2e-130	  379
sp|Q9LHA7|PER31_ARATH	scaffold1109_107683	58.17	306	122	1	17	316	20	325	3e-129	  375
sp|P24101|PER33_ARATH	scaffold1277_61805	59.32	322	130	1	22	343	17	337	4e-135	  393
sp|P24101|PER33_ARATH	scaffold4887_1091	60.84	309	120	1	31	339	27	334	1e-131	  384
sp|P24101|PER33_ARATH	scaffold0211_1610443	52.99	334	154	3	3	336	2	332	6e-119	  351
sp|P24101|PER33_ARATH	scaffold0471_737858	56.59	258	104	3	85	340	14	265	7e-91	  277
sp|P24101|PER33_ARATH	scaffold0471_723181	55.73	253	97	4	95	338	4	250	1e-83	  258
sp|P24101|PER33_ARATH	scaffold4887_4440	56.85	197	84	1	143	339	3	198	4e-70	  221
sp|P24101|PER33_ARATH	scaffold0471_724535	68.18	110	35	0	31	140	27	136	7e-48	  161
sp|Q9SMU8|PER34_ARATH	scaffold1277_61805	58.70	322	132	1	21	342	17	337	8e-134	  389
sp|Q9SMU8|PER34_ARATH	scaffold4887_1091	57.49	327	136	2	14	338	9	334	2e-130	  381
sp|Q9SMU8|PER34_ARATH	scaffold0211_1610443	53.89	334	150	4	3	335	2	332	3e-118	  349
sp|Q9SMU8|PER34_ARATH	scaffold0802_512065	50.00	308	149	3	30	336	25	328	6e-103	  310
sp|Q9SMU8|PER34_ARATH	scaffold0471_737858	55.81	258	106	3	84	339	14	265	1e-89	  274
sp|Q9SMU8|PER34_ARATH	scaffold0471_723181	54.94	253	99	4	94	337	4	250	2e-82	  255
sp|Q9SMU8|PER34_ARATH	scaffold4887_4440	55.33	197	87	1	142	338	3	198	3e-68	  216
sp|Q9SMU8|PER34_ARATH	scaffold0657_633600	52.31	195	92	1	3	197	2	195	1e-59	  196
sp|Q9SMU8|PER34_ARATH	scaffold1680_30288	50.25	199	95	3	14	211	10	205	9e-56	  184
sp|Q9SMU8|PER34_ARATH	scaffold0471_724535	66.37	113	38	0	27	139	24	136	3e-48	  162
sp|Q9LHB9|PER32_ARATH	scaffold1277_61805	58.70	322	132	1	20	341	17	337	5e-133	  387
sp|Q9LHB9|PER32_ARATH	scaffold4887_1091	56.92	325	137	2	15	337	11	334	1e-128	  376
sp|Q9LHB9|PER32_ARATH	scaffold0211_1610443	55.56	315	136	3	20	334	22	332	1e-120	  355
sp|Q9LHB9|PER32_ARATH	scaffold0802_512065	50.32	308	148	3	29	335	25	328	3e-102	  308
sp|Q9LHB9|PER32_ARATH	scaffold0387_346261	50.48	311	143	5	24	334	17	316	4e-101	  305
sp|Q9LHB9|PER32_ARATH	scaffold0471_737858	54.65	258	109	3	83	338	14	265	5e-88	  270
sp|Q9LHB9|PER32_ARATH	scaffold0471_723181	53.75	253	102	4	93	336	4	250	5e-81	  251
sp|Q9LHB9|PER32_ARATH	scaffold4887_4440	54.82	197	88	1	141	337	3	198	6e-68	  216
sp|Q9LHB9|PER32_ARATH	scaffold0657_633600	59.41	170	68	1	27	196	27	195	4e-61	  200
sp|Q9LHB9|PER32_ARATH	scaffold1680_30288	50.49	206	98	3	6	210	3	205	7e-58	  190
sp|Q9LHB9|PER32_ARATH	scaffold0471_724535	62.28	114	43	0	26	139	24	137	3e-46	  157
sp|Q9LDN9|PER37_ARATH	scaffold1277_61805	57.76	322	135	1	13	334	17	337	7e-131	  382
sp|Q9LDN9|PER37_ARATH	scaffold4887_1091	55.36	336	144	3	1	331	1	335	5e-128	  374
sp|Q9LDN9|PER37_ARATH	scaffold0211_1610443	54.32	324	146	2	4	327	11	332	2e-122	  360
sp|Q9LDN9|PER37_ARATH	scaffold0398_928421	50.00	312	153	2	17	328	23	331	2e-105	  316
sp|Q9LDN9|PER37_ARATH	scaffold0802_512065	50.31	320	154	3	10	328	13	328	1e-104	  314
sp|Q9LDN9|PER37_ARATH	scaffold1299_48856	50.00	318	146	5	12	327	22	328	2e-102	  308
sp|Q9LDN9|PER37_ARATH	scaffold0387_346261	50.31	322	145	4	10	327	6	316	9e-102	  306
sp|Q9LDN9|PER37_ARATH	scaffold1577_74753	52.00	275	129	2	54	328	1	272	4e-95	  288
sp|Q9LDN9|PER37_ARATH	scaffold0471_737858	51.65	273	119	4	76	346	14	275	7e-87	  267
sp|Q9LDN9|PER37_ARATH	scaffold0471_723181	53.04	247	101	4	86	323	4	244	1e-78	  245
sp|Q9LDN9|PER37_ARATH	scaffold4887_4440	52.53	198	93	1	134	331	3	199	6e-67	  213
sp|Q9LDN9|PER37_ARATH	scaffold0657_633600	56.68	187	80	1	3	189	10	195	1e-62	  204
sp|Q9LDN9|PER37_ARATH	scaffold1680_30288	51.74	201	93	3	4	203	8	205	8e-57	  187
sp|Q9LDN9|PER37_ARATH	scaffold0471_724535	62.83	113	42	0	19	131	24	136	4e-45	  154
sp|Q9LDA4|PER38_ARATH	scaffold1277_61805	55.42	332	143	2	13	344	17	343	1e-128	  376
sp|Q9LDA4|PER38_ARATH	scaffold4887_1091	54.46	336	147	3	1	331	1	335	2e-127	  373
sp|Q9LDA4|PER38_ARATH	scaffold0211_1610443	53.40	324	149	2	4	327	11	332	4e-120	  354
sp|Q9LDA4|PER38_ARATH	scaffold1577_74753	50.55	275	133	2	54	328	1	272	1e-93	  284
sp|Q9LDA4|PER38_ARATH	scaffold0471_737858	53.60	250	108	3	76	323	14	257	4e-85	  262
sp|Q9LDA4|PER38_ARATH	scaffold0471_723181	51.82	247	104	4	86	323	4	244	5e-77	  241
sp|Q9LDA4|PER38_ARATH	scaffold4887_4440	52.02	198	94	1	134	331	3	199	3e-66	  211
sp|Q9LDA4|PER38_ARATH	scaffold0657_633600	55.08	187	83	1	3	189	10	195	4e-60	  197
sp|Q9LDA4|PER38_ARATH	scaffold1680_30288	51.06	188	90	2	4	190	8	194	7e-56	  184
sp|Q9LDA4|PER38_ARATH	scaffold0471_724535	61.06	113	44	0	19	131	24	136	4e-45	  154
sp|Q9SD46|PER36_ARATH	scaffold0398_928421	65.11	321	107	1	21	341	15	330	1e-153	  439
sp|Q9SD46|PER36_ARATH	scaffold1577_74753	68.27	271	86	0	71	341	1	271	5e-139	  400
sp|Q9SD46|PER36_ARATH	scaffold0029_1102648	60.60	302	118	1	41	341	43	344	3e-131	  383
sp|Q9SD46|PER36_ARATH	scaffold0211_1610443	50.61	328	158	2	15	341	8	332	2e-110	  329
sp|Q9SD46|PER36_ARATH	scaffold0387_379958	52.10	309	138	4	35	341	25	325	2e-106	  318
sp|Q9SD46|PER36_ARATH	scaffold4887_1091	50.49	305	149	2	39	341	27	331	5e-104	  313
sp|Q9SD46|PER36_ARATH	scaffold0423_136258	51.46	309	136	2	45	341	41	347	5e-104	  313
sp|Q9SD46|PER36_ARATH	scaffold0387_346261	50.47	319	150	2	23	341	6	316	6e-104	  312
sp|Q9SD46|PER36_ARATH	scaffold1954_3377	50.82	305	139	3	37	341	28	321	1e-103	  311
sp|Q9SD46|PER36_ARATH	scaffold0010_343778	50.83	303	138	3	39	341	30	321	7e-103	  309
sp|Q9SD46|PER36_ARATH	scaffold1299_48856	50.49	309	143	3	35	341	28	328	2e-102	  308
sp|Q9SD46|PER36_ARATH	scaffold1277_61805	50.17	303	149	2	41	341	28	330	4e-100	  303
sp|Q9SD46|PER36_ARATH	scaffold1954_36654	50.67	300	138	5	43	341	30	320	2e-94	  288
sp|Q9SD46|PER36_ARATH	scaffold1954_26748	50.00	300	140	5	43	341	30	320	1e-93	  285
sp|Q9SD46|PER36_ARATH	scaffold0976_93116	51.19	293	133	5	50	341	37	320	4e-92	  282
sp|Q9SD46|PER36_ARATH	scaffold1092_77465	52.40	250	112	2	39	288	22	264	2e-82	  256
sp|Q9SD46|PER36_ARATH	scaffold0482_9275	55.00	120	54	0	34	153	22	141	2e-36	  132
sp|Q9SD46|PER36_ARATH	scaffold0471_724535	52.73	110	52	0	39	148	27	136	9e-36	  129
sp|Q9SUT2|PER39_ARATH	scaffold0096_2278443	69.63	326	98	1	1	326	1	325	9e-170	  479
sp|Q9SUT2|PER39_ARATH	scaffold0190_337052	69.75	324	95	2	5	326	3	325	3e-166	  470
sp|Q9SUT2|PER39_ARATH	scaffold1616_64744	66.98	324	104	2	4	326	7	328	3e-157	  447
sp|Q9SUT2|PER39_ARATH	scaffold0765_99564	55.21	326	139	3	4	326	7	328	2e-123	  361
sp|Q9SUT2|PER39_ARATH	scaffold0795_506649	54.43	327	140	4	5	326	10	332	2e-116	  344
sp|Q9SUT2|PER39_ARATH	scaffold0795_525270	54.46	325	141	3	5	326	10	330	4e-116	  343
sp|Q9SUT2|PER39_ARATH	scaffold1621_65474	54.34	311	139	3	16	326	36	343	6e-115	  340
sp|Q9SUT2|PER39_ARATH	scaffold1616_57331	56.35	323	121	3	4	326	7	309	4e-113	  334
sp|Q9SUT2|PER39_ARATH	scaffold0644_522044	54.64	302	135	2	25	326	29	328	5e-113	  335
sp|Q9SUT2|PER39_ARATH	scaffold0155_205657	55.93	295	127	2	32	326	34	325	2e-112	  333
sp|Q9SUT2|PER39_ARATH	scaffold0155_281966	55.85	299	129	2	25	323	45	340	7e-111	  340
sp|Q9SUT2|PER39_ARATH	scaffold0320_759832	53.11	305	134	5	25	326	24	322	2e-108	  323
sp|Q9SUT2|PER39_ARATH	scaffold0343_533647	51.90	316	138	2	11	326	15	316	1e-105	  315
sp|Q9SUT2|PER39_ARATH	scaffold0458_441134	52.63	304	139	4	24	326	25	324	2e-103	  320
sp|Q9SUT2|PER39_ARATH	scaffold0458_441134	51.19	295	139	4	33	326	356	646	7e-95	  298
sp|Q9SUT2|PER39_ARATH	scaffold0582_702911	52.79	305	137	5	24	325	26	326	4e-100	  312
sp|Q9SUT2|PER39_ARATH	scaffold0155_344723	56.28	247	105	2	9	255	29	272	3e-91	  283
sp|Q9SUT2|PER39_ARATH	scaffold0155_344723	52.60	192	89	1	135	326	283	472	5e-58	  197
sp|O23044|PER3_ARATH	scaffold0096_2278443	75.87	315	75	1	13	326	12	326	0.0	  507
sp|O23044|PER3_ARATH	scaffold0190_337052	74.92	315	78	1	13	326	12	326	8e-179	  502
sp|O23044|PER3_ARATH	scaffold1616_64744	68.08	307	95	1	23	326	23	329	4e-156	  444
sp|O23044|PER3_ARATH	scaffold1621_65474	56.77	303	124	4	26	325	45	343	3e-119	  351
sp|O23044|PER3_ARATH	scaffold0765_99564	53.02	315	143	2	14	325	16	328	6e-119	  350
sp|O23044|PER3_ARATH	scaffold0644_522044	56.48	301	129	2	26	325	29	328	1e-118	  349
sp|O23044|PER3_ARATH	scaffold0795_525270	52.85	316	144	2	13	325	17	330	1e-116	  344
sp|O23044|PER3_ARATH	scaffold0155_205657	56.80	294	124	2	33	325	34	325	2e-116	  343
sp|O23044|PER3_ARATH	scaffold0155_281966	56.86	299	126	2	26	323	45	341	6e-115	  350
sp|O23044|PER3_ARATH	scaffold0155_281966	51.00	300	105	4	26	324	367	625	9e-94	  295
sp|O23044|PER3_ARATH	scaffold0795_506649	51.54	324	150	3	7	325	11	332	6e-115	  340
sp|O23044|PER3_ARATH	scaffold0320_759832	55.78	303	129	5	26	326	24	323	9e-112	  332
sp|O23044|PER3_ARATH	scaffold0458_441134	52.94	323	142	6	3	323	8	322	6e-110	  337
sp|O23044|PER3_ARATH	scaffold0458_441134	51.53	295	138	5	33	325	355	646	1e-97	  305
sp|O23044|PER3_ARATH	scaffold1616_57331	56.58	304	116	1	23	326	23	310	8e-110	  326
sp|O23044|PER3_ARATH	scaffold0458_446899	51.99	302	140	4	26	325	26	324	1e-105	  316
sp|O23044|PER3_ARATH	scaffold0582_702911	50.93	324	147	7	4	323	10	325	1e-100	  314
sp|O23044|PER3_ARATH	scaffold0155_344723	53.07	277	111	4	26	285	45	319	1e-95	  295
sp|O23044|PER3_ARATH	scaffold0155_344723	52.88	191	88	1	135	325	284	472	4e-60	  202
sp|O23044|PER3_ARATH	scaffold0482_9275	53.91	115	51	2	24	136	27	141	1e-32	  121
sp|O23474|PER40_ARATH	scaffold0423_136258	59.55	356	115	5	9	348	5	347	3e-147	  424
sp|O23474|PER40_ARATH	scaffold0362_101275	54.05	309	130	5	48	348	33	337	8e-106	  318
sp|O23474|PER40_ARATH	scaffold0398_928421	50.00	298	145	3	54	348	34	330	3e-100	  303
sp|O23474|PER40_ARATH	scaffold0029_1102648	51.47	307	136	7	52	348	41	344	9e-100	  302
sp|O23474|PER40_ARATH	scaffold1299_48856	51.80	305	131	6	50	348	34	328	9e-99	  299
sp|O23474|PER40_ARATH	scaffold0387_379958	51.80	305	131	6	50	348	31	325	9e-97	  294
sp|O23474|PER40_ARATH	scaffold0387_346261	50.68	296	136	3	55	348	29	316	1e-96	  293
sp|O23474|PER40_ARATH	scaffold1954_3377	53.51	299	122	5	54	348	36	321	3e-96	  293
sp|O23474|PER40_ARATH	scaffold0010_343778	52.84	299	124	5	54	348	36	321	4e-96	  292
sp|O23474|PER40_ARATH	scaffold1044_231678	50.00	304	138	5	50	348	28	322	3e-92	  282
sp|O23474|PER40_ARATH	scaffold1577_74753	50.37	272	131	3	80	348	1	271	2e-90	  276
sp|O23474|PER40_ARATH	scaffold1092_77465	50.20	253	119	1	50	302	24	269	7e-82	  254
sp|O23474|PER40_ARATH	scaffold1680_30288	56.02	166	73	0	50	215	29	194	4e-58	  190
sp|O23474|PER40_ARATH	scaffold0471_724535	51.92	104	50	0	54	157	33	136	7e-31	  116
sp|Q96510|PER35_ARATH	scaffold0310_467929	71.90	306	86	0	24	329	25	330	2e-165	  468
sp|Q96510|PER35_ARATH	scaffold2268_34879	67.10	307	100	1	23	329	22	327	3e-152	  435
sp|Q96510|PER35_ARATH	scaffold0182_11932	66.89	302	99	1	24	325	25	325	9e-147	  422
sp|Q96510|PER35_ARATH	scaffold0237_1003923	58.36	305	124	2	25	329	23	324	6e-129	  375
sp|Q96510|PER35_ARATH	scaffold3381_12690	53.85	247	111	2	12	258	9	252	1e-90	  275
sp|Q96510|PER35_ARATH	scaffold1863_32489	66.15	192	65	0	3	194	4	195	1e-89	  270
sp|Q96510|PER35_ARATH	scaffold1863_33250	57.32	82	28	1	248	329	1	75	1e-22	91.3
sp|Q9SB81|PER42_ARATH	scaffold0917_338014	85.39	308	45	0	23	330	24	331	0.0	  562
sp|Q9SB81|PER42_ARATH	scaffold0591_141879	85.06	308	46	0	23	330	24	331	0.0	  559
sp|Q9SB81|PER42_ARATH	scaffold0929_383356	59.87	299	120	0	31	329	34	332	3e-134	  389
sp|Q9SZB9|PER47_ARATH	scaffold0389_891110	73.93	326	84	1	1	325	2	327	4e-178	  500
sp|Q93V93|PER44_ARATH	scaffold0098_1922902	59.20	299	112	3	20	309	19	316	3e-126	  368
sp|Q93V93|PER44_ARATH	scaffold0099_685438	50.99	302	129	7	22	309	28	324	5e-87	  267
sp|Q93V93|PER44_ARATH	scaffold0253_1446725	51.46	206	88	5	114	309	2	205	7e-62	  200
sp|Q93V93|PER44_ARATH	scaffold0482_9275	50.00	128	63	1	7	133	14	141	6e-37	  132
sp|Q96522|PER45_ARATH	scaffold2268_34879	72.46	305	81	1	24	325	23	327	6e-169	  477
sp|Q96522|PER45_ARATH	scaffold0182_11932	72.28	303	81	1	24	323	25	327	9e-167	  473
sp|Q96522|PER45_ARATH	scaffold0310_467929	67.43	307	96	1	23	325	24	330	1e-155	  443
sp|Q96522|PER45_ARATH	scaffold0237_1003923	60.86	304	114	2	25	325	23	324	1e-135	  392
sp|Q96522|PER45_ARATH	scaffold3381_12690	55.51	245	104	2	13	254	10	252	3e-95	  287
sp|Q96522|PER45_ARATH	scaffold1863_32489	67.40	181	55	1	14	190	15	195	3e-84	  256
sp|O81755|PER48_ARATH	scaffold2783_13984	59.33	209	85	0	65	273	69	277	5e-86	  272
sp|O81755|PER48_ARATH	scaffold1163_207710	61.54	65	25	0	111	175	4	68	1e-22	93.6
sp|O23609|PER41_ARATH	scaffold1762_49473	62.17	304	110	1	26	324	24	327	1e-140	  405
sp|O23609|PER41_ARATH	scaffold0190_752137	60.53	304	115	1	26	324	25	328	4e-137	  396
sp|O23609|PER41_ARATH	scaffold0163_231995	58.10	315	130	1	8	322	7	319	5e-132	  383
sp|O23609|PER41_ARATH	scaffold0452_857224	60.61	297	115	1	26	322	27	321	4e-131	  380
sp|O23609|PER41_ARATH	scaffold1109_107683	57.19	306	126	1	26	326	24	329	1e-127	  372
sp|O23237|PER49_ARATH	scaffold0398_928421	72.78	316	86	0	16	331	16	331	6e-174	  490
sp|O23237|PER49_ARATH	scaffold1577_74753	74.26	272	70	0	60	331	1	272	6e-150	  427
sp|O23237|PER49_ARATH	scaffold0029_1102648	62.25	302	113	1	30	330	43	344	6e-140	  404
sp|O23237|PER49_ARATH	scaffold0387_346261	52.94	323	140	3	8	330	6	316	3e-118	  348
sp|O23237|PER49_ARATH	scaffold0802_512065	52.10	334	151	3	1	331	1	328	6e-117	  345
sp|O23237|PER49_ARATH	scaffold0211_1610443	51.89	318	151	2	14	330	16	332	7e-112	  332
sp|O23237|PER49_ARATH	scaffold1299_48856	50.47	321	148	4	13	330	16	328	9e-112	  332
sp|O23237|PER49_ARATH	scaffold0387_379958	52.46	305	135	3	28	330	29	325	2e-111	  330
sp|O23237|PER49_ARATH	scaffold1954_3377	51.85	297	132	3	34	330	36	321	5e-108	  322
sp|O23237|PER49_ARATH	scaffold4887_1091	50.00	304	150	2	29	330	28	331	6e-106	  317
sp|O23237|PER49_ARATH	scaffold1277_61805	50.16	305	150	2	28	330	26	330	6e-104	  312
sp|O23237|PER49_ARATH	scaffold0105_971799	50.31	322	148	5	10	330	13	323	9e-103	  308
sp|O23237|PER49_ARATH	scaffold0362_101275	51.15	305	137	4	34	330	37	337	2e-100	  303
sp|O23237|PER49_ARATH	scaffold1954_36654	50.67	300	138	4	32	330	30	320	2e-99	  300
sp|O23237|PER49_ARATH	scaffold0976_93116	50.85	293	134	4	39	330	37	320	3e-97	  294
sp|O23237|PER49_ARATH	scaffold1280_156204	51.36	294	141	2	34	326	419	711	4e-96	  308
sp|O23237|PER49_ARATH	scaffold1680_30288	51.46	171	83	0	28	198	27	197	5e-58	  189
sp|O23237|PER49_ARATH	scaffold0657_633600	52.10	167	80	0	28	194	29	195	4e-52	  176
sp|O23237|PER49_ARATH	scaffold0471_724535	55.05	109	49	0	28	136	27	135	1e-37	  134
sp|Q9SZE7|PER51_ARATH	scaffold0310_467929	72.88	306	83	0	24	329	25	330	6e-170	  480
sp|Q9SZE7|PER51_ARATH	scaffold2268_34879	66.78	307	101	1	23	329	22	327	5e-155	  442
sp|Q9SZE7|PER51_ARATH	scaffold0182_11932	66.12	304	102	1	22	325	23	325	2e-149	  429
sp|Q9SZE7|PER51_ARATH	scaffold0237_1003923	62.30	305	112	2	25	329	23	324	3e-137	  396
sp|Q9SZE7|PER51_ARATH	scaffold1227_74962	51.90	316	119	4	11	325	7	290	8e-105	  313
sp|Q9SZE7|PER51_ARATH	scaffold3381_12690	57.60	250	102	3	11	259	7	253	1e-98	  295
sp|Q9SZE7|PER51_ARATH	scaffold1863_32489	74.73	186	47	0	9	194	10	195	1e-94	  283
sp|Q9SZE7|PER51_ARATH	scaffold1863_33250	53.66	82	31	1	248	329	1	75	8e-23	91.7
sp|Q43731|PER50_ARATH	scaffold0310_467929	72.22	306	85	0	24	329	25	330	7e-167	  472
sp|Q43731|PER50_ARATH	scaffold2268_34879	66.12	307	103	1	23	329	22	327	1e-150	  431
sp|Q43731|PER50_ARATH	scaffold0182_11932	65.13	304	105	1	22	325	23	325	2e-145	  418
sp|Q43731|PER50_ARATH	scaffold0237_1003923	60.00	305	119	2	25	329	23	324	2e-132	  384
sp|Q43731|PER50_ARATH	scaffold1227_74962	50.00	316	126	3	10	325	7	290	9e-101	  302
sp|Q43731|PER50_ARATH	scaffold3381_12690	55.20	250	109	2	10	259	7	253	3e-95	  287
sp|Q43731|PER50_ARATH	scaffold1863_32489	73.66	186	49	0	9	194	10	195	1e-93	  281
sp|Q43731|PER50_ARATH	scaffold1863_33250	52.44	82	32	1	248	329	1	75	2e-21	87.8
sp|Q42578|PER53_ARATH	scaffold0211_1610443	78.64	323	69	0	13	335	12	334	0.0	  516
sp|Q42578|PER53_ARATH	scaffold4887_1091	64.98	317	110	1	19	334	16	332	4e-150	  431
sp|Q42578|PER53_ARATH	scaffold1277_61805	63.38	325	112	2	17	334	7	331	3e-146	  420
sp|Q42578|PER53_ARATH	scaffold0802_512065	56.57	327	132	3	9	333	9	327	1e-122	  359
sp|Q42578|PER53_ARATH	scaffold0398_928421	52.44	307	145	1	27	333	25	330	4e-114	  338
sp|Q42578|PER53_ARATH	scaffold0029_1102648	51.66	302	146	0	32	333	43	344	6e-111	  330
sp|Q42578|PER53_ARATH	scaffold1954_3377	52.26	310	136	3	24	333	24	321	2e-109	  326
sp|Q42578|PER53_ARATH	scaffold0010_343778	51.94	310	137	3	24	333	24	321	2e-109	  325
sp|Q42578|PER53_ARATH	scaffold0657_633600	57.79	308	62	3	28	335	27	266	7e-105	  312
sp|Q42578|PER53_ARATH	scaffold0105_971799	52.61	306	138	4	29	333	24	323	2e-104	  313
sp|Q42578|PER53_ARATH	scaffold0214_222918	50.00	304	143	2	30	333	32	326	3e-104	  313
sp|Q42578|PER53_ARATH	scaffold1280_156204	53.00	300	138	2	31	329	414	711	2e-103	  327
sp|Q42578|PER53_ARATH	scaffold1577_74753	53.31	272	126	1	62	333	1	271	6e-102	  305
sp|Q42578|PER53_ARATH	scaffold1954_26748	51.84	299	133	5	36	333	32	320	8e-99	  298
sp|Q42578|PER53_ARATH	scaffold1954_36654	50.15	325	150	6	11	333	6	320	4e-96	  291
sp|Q42578|PER53_ARATH	scaffold1044_235043	51.78	309	139	7	28	333	26	327	4e-94	  287
sp|Q42578|PER53_ARATH	scaffold0471_737858	56.92	253	101	3	84	333	14	261	7e-93	  281
sp|Q42578|PER53_ARATH	scaffold0471_723181	54.72	254	100	4	91	334	1	249	8e-87	  266
sp|Q42578|PER53_ARATH	scaffold4887_4440	65.98	194	65	1	142	334	3	196	4e-86	  262
sp|Q42578|PER53_ARATH	scaffold1680_30288	50.79	189	91	1	12	200	11	197	1e-58	  191
sp|Q42578|PER53_ARATH	scaffold0471_724535	60.47	129	50	1	12	139	8	136	3e-48	  162
sp|Q96509|PER55_ARATH	scaffold0237_1003923	64.69	303	106	1	29	330	22	324	4e-142	  409
sp|Q96509|PER55_ARATH	scaffold2268_34879	58.17	306	125	2	28	330	22	327	1e-120	  354
sp|Q96509|PER55_ARATH	scaffold0310_467929	58.69	305	122	3	30	330	26	330	2e-120	  354
sp|Q96509|PER55_ARATH	scaffold1227_74962	55.91	313	110	1	15	327	7	291	2e-119	  350
sp|Q96509|PER55_ARATH	scaffold0182_11932	56.77	303	128	2	28	327	24	326	3e-116	  344
sp|Q96509|PER55_ARATH	scaffold3381_12690	61.38	246	94	1	15	259	7	252	3e-105	  312
sp|Q96509|PER55_ARATH	scaffold1863_32489	56.91	188	76	3	12	196	10	195	9e-64	  204
sp|Q9LE15|PER4_ARATH	scaffold0443_406417	66.88	314	101	2	4	315	9	321	7e-154	  438
sp|Q9LE15|PER4_ARATH	scaffold0214_212199	65.50	313	105	2	3	315	13	322	2e-150	  429
sp|Q9LE15|PER4_ARATH	scaffold0214_222918	65.92	314	103	3	2	315	17	326	1e-149	  427
sp|Q9LE15|PER4_ARATH	scaffold0270_9473	64.97	314	106	3	2	315	17	326	2e-147	  422
sp|Q9LE15|PER4_ARATH	scaffold0724_255716	64.65	314	107	3	2	315	17	326	7e-147	  421
sp|Q9LE15|PER4_ARATH	scaffold0544_709983	65.77	298	101	1	18	315	30	326	2e-144	  414
sp|Q9LE15|PER4_ARATH	scaffold1044_231678	64.13	315	108	4	3	315	11	322	3e-141	  406
sp|Q9LE15|PER4_ARATH	scaffold0118_220511	64.44	315	105	4	3	315	11	320	5e-133	  385
sp|Q9LE15|PER4_ARATH	scaffold1680_36395	60.13	316	121	4	4	315	7	321	2e-123	  360
sp|Q9LE15|PER4_ARATH	scaffold1044_206818	61.31	305	114	3	14	315	48	351	6e-123	  360
sp|Q9LE15|PER4_ARATH	scaffold0214_207966	58.79	313	101	5	3	315	13	297	1e-122	  358
sp|Q9LE15|PER4_ARATH	scaffold1044_235043	58.09	303	122	4	17	315	26	327	3e-118	  348
sp|Q9LE15|PER4_ARATH	scaffold1169_167923	52.83	318	145	4	1	315	12	327	1e-115	  341
sp|Q9LE15|PER4_ARATH	scaffold1954_3377	53.16	316	142	4	1	315	11	321	5e-114	  337
sp|Q9LE15|PER4_ARATH	scaffold0010_340125	55.19	308	135	3	9	315	13	318	1e-112	  333
sp|Q9LE15|PER4_ARATH	scaffold0998_260430	52.58	310	144	3	7	315	10	317	9e-111	  328
sp|Q9LE15|PER4_ARATH	scaffold0387_379958	52.72	313	143	4	6	315	15	325	2e-110	  328
sp|Q9LE15|PER4_ARATH	scaffold1299_48856	52.38	315	142	5	7	315	16	328	7e-110	  326
sp|Q9LE15|PER4_ARATH	scaffold1954_26748	55.10	294	128	4	23	315	30	320	3e-108	  322
sp|Q9LE15|PER4_ARATH	scaffold0387_346261	50.96	312	146	3	9	315	7	316	1e-107	  320
sp|Q9LE15|PER4_ARATH	scaffold0010_343778	52.72	313	142	4	4	315	14	321	2e-107	  320
sp|Q9LE15|PER4_ARATH	scaffold1954_36654	54.08	294	131	4	23	315	30	320	3e-107	  319
sp|Q9LE15|PER4_ARATH	scaffold0976_93116	54.17	288	128	4	29	315	36	320	9e-104	  310
sp|Q9LE15|PER4_ARATH	scaffold0214_217188	60.00	255	86	2	7	261	21	259	1e-100	  305
sp|Q9LE15|PER4_ARATH	scaffold0214_217188	71.72	145	40	1	171	315	248	391	5e-70	  226
sp|Q9LE15|PER4_ARATH	scaffold0544_706217	64.77	176	61	1	140	315	2	176	3e-77	  238
sp|Q9LE15|PER4_ARATH	scaffold0976_86023	52.77	235	105	5	83	315	47	277	2e-73	  231
sp|Q9LE15|PER4_ARATH	scaffold1680_30288	61.38	189	69	2	3	189	11	197	6e-71	  223
sp|Q9LE15|PER4_ARATH	scaffold0118_231188	51.10	227	69	2	89	315	27	211	7e-59	  191
sp|Q9LE15|PER4_ARATH	scaffold0724_263863	62.41	133	50	0	131	263	11	143	2e-55	  181
sp|Q9LE15|PER4_ARATH	scaffold0471_724535	54.33	127	58	0	1	127	9	135	1e-40	  142
sp|Q9LE15|PER4_ARATH	scaffold0976_96433	50.00	142	68	3	174	315	13	151	7e-39	  137
sp|Q9LE15|PER4_ARATH	scaffold0544_705690	60.56	71	28	0	64	134	10	80	5e-23	92.0
sp|Q9FG34|PER54_ARATH	scaffold0211_1610443	73.29	322	86	0	14	335	12	333	7e-172	  486
sp|Q9FG34|PER54_ARATH	scaffold4887_1091	64.35	331	113	2	14	339	6	336	6e-150	  431
sp|Q9FG34|PER54_ARATH	scaffold1277_61805	61.75	332	120	2	18	342	7	338	1e-144	  417
sp|Q9FG34|PER54_ARATH	scaffold0802_512065	60.78	306	115	2	31	334	25	327	5e-128	  374
sp|Q9FG34|PER54_ARATH	scaffold0105_971799	54.25	306	133	4	30	334	24	323	2e-109	  327
sp|Q9FG34|PER54_ARATH	scaffold1280_156204	54.67	300	133	2	32	330	414	711	2e-109	  344
sp|Q9FG34|PER54_ARATH	scaffold1954_3377	50.97	310	140	3	25	334	24	321	2e-107	  322
sp|Q9FG34|PER54_ARATH	scaffold0657_633600	51.96	331	91	3	5	335	3	265	6e-100	  300
sp|Q9FG34|PER54_ARATH	scaffold1577_74753	50.37	272	134	1	63	334	1	271	1e-95	  290
sp|Q9FG34|PER54_ARATH	scaffold1044_235043	50.45	337	154	10	1	334	1	327	3e-95	  290
sp|Q9FG34|PER54_ARATH	scaffold0471_737858	54.94	253	106	3	85	334	14	261	8e-91	  277
sp|Q9FG34|PER54_ARATH	scaffold0471_723181	53.54	254	103	4	92	335	1	249	1e-85	  263
sp|Q9FG34|PER54_ARATH	scaffold4887_4440	64.65	198	69	1	143	339	3	200	3e-84	  258
sp|Q9FG34|PER54_ARATH	scaffold1680_30288	52.15	186	87	1	16	201	14	197	4e-58	  191
sp|Q9FG34|PER54_ARATH	scaffold0471_724535	61.24	129	49	1	13	140	8	136	2e-47	  160
sp|Q9FG34|PER54_ARATH	scaffold0509_86538	50.00	108	51	2	227	334	1	105	2e-26	  103
sp|Q9FLC0|PER52_ARATH	scaffold0387_379958	76.77	297	69	0	28	324	29	325	4e-170	  480
sp|Q9FLC0|PER52_ARATH	scaffold1299_48856	75.50	298	73	0	27	324	31	328	4e-168	  475
sp|Q9FLC0|PER52_ARATH	scaffold1169_167923	67.38	325	101	2	1	324	7	327	3e-163	  462
sp|Q9FLC0|PER52_ARATH	scaffold0010_343778	64.08	309	102	3	16	324	22	321	3e-140	  404
sp|Q9FLC0|PER52_ARATH	scaffold1954_3377	63.67	300	104	2	25	324	27	321	6e-140	  403
sp|Q9FLC0|PER52_ARATH	scaffold0387_346261	62.00	300	112	1	25	324	19	316	1e-138	  399
sp|Q9FLC0|PER52_ARATH	scaffold1044_231678	60.62	325	124	3	1	324	1	322	2e-138	  399
sp|Q9FLC0|PER52_ARATH	scaffold0443_406417	60.44	321	117	4	5	324	10	321	3e-138	  399
sp|Q9FLC0|PER52_ARATH	scaffold0214_222918	59.42	313	121	3	12	324	20	326	5e-135	  391
sp|Q9FLC0|PER52_ARATH	scaffold0998_260430	61.41	298	112	2	28	324	22	317	6e-134	  387
sp|Q9FLC0|PER52_ARATH	scaffold0270_9473	59.22	309	120	3	12	320	20	322	3e-133	  386
sp|Q9FLC0|PER52_ARATH	scaffold0214_212199	57.55	318	128	4	8	324	11	322	1e-132	  385
sp|Q9FLC0|PER52_ARATH	scaffold0724_255716	58.15	313	125	3	12	324	20	326	1e-132	  385
sp|Q9FLC0|PER52_ARATH	scaffold0118_220511	59.69	325	125	4	1	324	1	320	2e-126	  369
sp|Q9FLC0|PER52_ARATH	scaffold0544_709983	58.09	303	124	2	23	324	26	326	2e-126	  369
sp|Q9FLC0|PER52_ARATH	scaffold1044_206818	61.13	301	113	3	27	324	52	351	7e-122	  358
sp|Q9FLC0|PER52_ARATH	scaffold1954_36654	58.90	292	116	3	34	324	32	320	1e-118	  348
sp|Q9FLC0|PER52_ARATH	scaffold1680_36395	55.90	322	138	3	6	324	1	321	4e-118	  347
sp|Q9FLC0|PER52_ARATH	scaffold1954_26748	58.22	292	118	3	34	324	32	320	2e-117	  346
sp|Q9FLC0|PER52_ARATH	scaffold0976_93116	59.58	287	112	3	39	324	37	320	4e-117	  345
sp|Q9FLC0|PER52_ARATH	scaffold1044_235043	53.35	328	148	4	1	324	1	327	1e-116	  344
sp|Q9FLC0|PER52_ARATH	scaffold0010_340125	56.86	299	124	4	28	324	23	318	3e-116	  342
sp|Q9FLC0|PER52_ARATH	scaffold0211_1610443	52.44	328	140	5	6	324	12	332	4e-112	  333
sp|Q9FLC0|PER52_ARATH	scaffold1092_77465	60.89	248	95	1	25	272	19	264	2e-108	  321
sp|Q9FLC0|PER52_ARATH	scaffold0029_1102648	50.00	304	141	3	30	324	43	344	5e-105	  315
sp|Q9FLC0|PER52_ARATH	scaffold0105_971799	50.00	324	146	5	4	320	5	319	3e-102	  307
sp|Q9FLC0|PER52_ARATH	scaffold0214_207966	50.31	318	126	7	8	324	11	297	3e-102	  306
sp|Q9FLC0|PER52_ARATH	scaffold1280_156204	51.00	300	139	2	29	321	414	712	8e-99	  315
sp|Q9FLC0|PER52_ARATH	scaffold1577_74753	50.55	273	125	3	60	324	1	271	1e-95	  288
sp|Q9FLC0|PER52_ARATH	scaffold0214_217188	56.78	236	94	3	10	244	18	246	3e-89	  276
sp|Q9FLC0|PER52_ARATH	scaffold0214_217188	58.48	171	60	4	155	324	231	391	3e-61	  203
sp|Q9FLC0|PER52_ARATH	scaffold0976_86023	58.30	235	92	4	92	324	47	277	5e-89	  271
sp|Q9FLC0|PER52_ARATH	scaffold0471_737858	52.21	249	112	5	82	324	14	261	4e-77	  241
sp|Q9FLC0|PER52_ARATH	scaffold1680_30288	57.07	198	84	1	1	198	1	197	1e-72	  227
sp|Q9FLC0|PER52_ARATH	scaffold0657_633600	62.28	167	63	0	28	194	29	195	1e-67	  216
sp|Q9FLC0|PER52_ARATH	scaffold0544_706217	56.65	173	72	3	149	320	2	172	4e-65	  206
sp|Q9FLC0|PER52_ARATH	scaffold0724_263863	54.07	135	59	3	140	273	11	143	2e-43	  150
sp|Q9FLC0|PER52_ARATH	scaffold0976_96433	50.00	152	73	2	173	324	3	151	9e-43	  147
sp|Q9FLC0|PER52_ARATH	scaffold0544_705690	61.97	71	27	0	73	143	10	80	5e-25	98.2
sp|Q9LXG3|PER56_ARATH	scaffold0765_99564	59.81	321	124	3	12	329	10	328	8e-139	  400
sp|Q9LXG3|PER56_ARATH	scaffold0795_525270	58.73	332	132	3	1	329	1	330	1e-137	  397
sp|Q9LXG3|PER56_ARATH	scaffold0795_506649	60.06	323	123	3	12	329	11	332	2e-137	  397
sp|Q9LXG3|PER56_ARATH	scaffold1621_65474	60.47	301	118	1	30	329	43	343	2e-136	  395
sp|Q9LXG3|PER56_ARATH	scaffold0644_522044	61.31	305	116	2	27	329	24	328	2e-133	  387
sp|Q9LXG3|PER56_ARATH	scaffold0155_205657	57.89	304	125	2	27	329	24	325	2e-128	  374
sp|Q9LXG3|PER56_ARATH	scaffold0155_281966	58.00	300	125	1	27	325	40	339	5e-125	  376
sp|Q9LXG3|PER56_ARATH	scaffold0343_533647	56.91	304	119	2	27	329	24	316	2e-120	  353
sp|Q9LXG3|PER56_ARATH	scaffold0096_2278443	53.48	316	143	4	17	329	11	325	2e-120	  353
sp|Q9LXG3|PER56_ARATH	scaffold0190_337052	52.62	325	148	5	8	329	4	325	3e-118	  348
sp|Q9LXG3|PER56_ARATH	scaffold1616_64744	51.24	322	152	3	13	329	7	328	9e-113	  334
sp|Q9LXG3|PER56_ARATH	scaffold0320_759832	52.98	302	137	4	31	329	23	322	9e-109	  324
sp|Q9LXG3|PER56_ARATH	scaffold0458_446899	50.49	305	146	4	28	329	22	324	2e-103	  310
sp|Q9LXG3|PER56_ARATH	scaffold0458_441134	50.47	321	149	6	17	329	6	324	4e-101	  314
sp|Q9LXG3|PER56_ARATH	scaffold0458_441134	51.54	293	137	5	40	329	356	646	5e-95	  298
sp|Q9LXG3|PER56_ARATH	scaffold0155_344723	59.23	233	94	1	27	258	40	272	3e-97	  299
sp|Q9LXG3|PER56_ARATH	scaffold0155_344723	56.19	210	92	0	120	329	263	472	2e-75	  243
sp|Q9SZH2|PER43_ARATH	scaffold0026_3341822	58.62	319	128	3	10	326	11	327	2e-132	  384
sp|Q9SZH2|PER43_ARATH	scaffold0082_1115112	51.49	303	146	1	24	326	18	319	1e-110	  328
sp|Q9SZH2|PER43_ARATH	scaffold1429_8956	51.50	301	143	3	27	326	25	323	2e-104	  313
sp|Q9SZH2|PER43_ARATH	scaffold0390_841217	50.67	300	145	3	27	326	25	321	1e-102	  308
sp|P59120|PER58_ARATH	scaffold0211_1610443	56.79	324	133	3	10	329	12	332	3e-129	  376
sp|P59120|PER58_ARATH	scaffold1277_61805	52.74	328	146	4	8	329	6	330	4e-113	  336
sp|P59120|PER58_ARATH	scaffold4887_1091	51.21	330	150	4	8	329	5	331	6e-113	  335
sp|P59120|PER58_ARATH	scaffold0471_737858	50.20	249	115	3	84	329	19	261	7e-72	  228
sp|P59120|PER58_ARATH	scaffold4887_4440	51.28	195	91	4	137	329	3	195	1e-59	  193
sp|P59120|PER58_ARATH	scaffold0657_633600	53.23	186	81	2	10	191	12	195	2e-56	  187
sp|P59120|PER58_ARATH	scaffold0657_633600	59.15	71	29	0	259	329	194	264	8e-23	96.3
sp|P59120|PER58_ARATH	scaffold0471_724535	50.75	134	57	2	8	134	5	136	7e-38	  134
sp|P59120|PER58_ARATH	scaffold1277_45594	51.35	111	54	0	219	329	197	307	8e-31	  120
sp|Q39034|PER59_ARATH	scaffold0802_512065	63.61	327	115	3	6	328	2	328	7e-152	  434
sp|Q39034|PER59_ARATH	scaffold0211_1610443	57.14	322	130	4	12	327	13	332	8e-122	  357
sp|Q39034|PER59_ARATH	scaffold4887_1091	56.03	307	126	6	28	327	27	331	1e-113	  337
sp|Q39034|PER59_ARATH	scaffold0105_971799	54.23	319	137	5	13	327	10	323	5e-112	  332
sp|Q39034|PER59_ARATH	scaffold0398_928421	52.50	320	142	5	16	328	15	331	5e-106	  317
sp|Q39034|PER59_ARATH	scaffold1277_61805	54.07	307	132	5	28	327	26	330	1e-105	  317
sp|Q39034|PER59_ARATH	scaffold1954_3377	52.48	303	130	5	28	327	30	321	4e-102	  307
sp|Q39034|PER59_ARATH	scaffold0387_346261	50.15	327	145	6	8	327	1	316	9e-102	  306
sp|Q39034|PER59_ARATH	scaffold1299_48856	53.23	310	126	7	26	327	30	328	2e-101	  305
sp|Q39034|PER59_ARATH	scaffold1280_156204	54.97	302	125	5	29	323	414	711	3e-101	  321
sp|Q39034|PER59_ARATH	scaffold0010_343778	52.48	303	130	6	28	327	30	321	3e-100	  302
sp|Q39034|PER59_ARATH	scaffold0387_379958	50.62	320	143	6	14	327	15	325	2e-99	  300
sp|Q39034|PER59_ARATH	scaffold1577_74753	54.01	274	117	4	60	327	1	271	8e-93	  281
sp|Q39034|PER59_ARATH	scaffold1092_77465	50.00	250	114	3	28	273	22	264	5e-80	  249
sp|Q39034|PER59_ARATH	scaffold0471_737858	50.41	246	109	6	84	323	19	257	7e-71	  225
sp|Q39034|PER59_ARATH	scaffold0657_633600	60.48	167	62	2	28	190	29	195	5e-61	  199
sp|Q39034|PER59_ARATH	scaffold4887_4440	51.28	195	89	4	137	327	3	195	5e-60	  194
sp|Q39034|PER59_ARATH	scaffold1680_30288	50.27	187	88	3	12	193	10	196	3e-50	  169
sp|Q39034|PER59_ARATH	scaffold0471_724535	56.49	131	49	2	12	134	6	136	2e-40	  141
sp|Q9M9Q9|PER5_ARATH	scaffold0214_212199	69.97	313	92	2	9	321	12	322	4e-162	  459
sp|Q9M9Q9|PER5_ARATH	scaffold0724_255716	70.00	310	90	3	12	321	20	326	5e-160	  454
sp|Q9M9Q9|PER5_ARATH	scaffold0214_222918	70.32	310	89	3	12	321	20	326	3e-159	  452
sp|Q9M9Q9|PER5_ARATH	scaffold0544_709983	70.67	300	86	2	22	321	29	326	7e-157	  446
sp|Q9M9Q9|PER5_ARATH	scaffold0270_9473	69.35	310	92	3	12	321	20	326	7e-157	  446
sp|Q9M9Q9|PER5_ARATH	scaffold0443_406417	65.62	320	107	3	3	321	4	321	2e-155	  442
sp|Q9M9Q9|PER5_ARATH	scaffold1044_231678	64.44	315	109	3	8	321	10	322	5e-148	  423
sp|Q9M9Q9|PER5_ARATH	scaffold0118_220511	63.52	318	112	3	4	321	7	320	3e-140	  404
sp|Q9M9Q9|PER5_ARATH	scaffold0214_207966	61.34	313	94	3	9	321	12	297	8e-132	  381
sp|Q9M9Q9|PER5_ARATH	scaffold1044_206818	59.11	313	123	4	12	321	41	351	1e-123	  362
sp|Q9M9Q9|PER5_ARATH	scaffold1169_167923	55.49	319	138	3	5	321	11	327	8e-123	  359
sp|Q9M9Q9|PER5_ARATH	scaffold1680_36395	57.14	322	131	5	3	321	4	321	6e-122	  357
sp|Q9M9Q9|PER5_ARATH	scaffold1044_235043	57.76	303	122	5	23	321	27	327	1e-119	  352
sp|Q9M9Q9|PER5_ARATH	scaffold1299_48856	54.40	318	138	5	6	321	16	328	4e-116	  342
sp|Q9M9Q9|PER5_ARATH	scaffold0387_379958	54.11	316	138	5	8	321	15	325	8e-116	  342
sp|Q9M9Q9|PER5_ARATH	scaffold1954_3377	53.55	310	138	4	8	317	14	317	2e-115	  340
sp|Q9M9Q9|PER5_ARATH	scaffold0010_343778	53.55	310	138	4	8	317	14	317	6e-113	  334
sp|Q9M9Q9|PER5_ARATH	scaffold0214_217188	62.92	267	83	3	11	277	18	268	1e-112	  335
sp|Q9M9Q9|PER5_ARATH	scaffold0214_217188	73.10	145	38	1	177	321	248	391	5e-71	  229
sp|Q9M9Q9|PER5_ARATH	scaffold0387_346261	52.23	314	147	3	8	321	6	316	6e-111	  329
sp|Q9M9Q9|PER5_ARATH	scaffold0010_340125	52.06	315	147	4	8	321	7	318	6e-108	  321
sp|Q9M9Q9|PER5_ARATH	scaffold0998_260430	51.62	308	145	4	15	321	13	317	7e-108	  321
sp|Q9M9Q9|PER5_ARATH	scaffold1954_36654	54.58	295	129	5	28	321	30	320	1e-107	  320
sp|Q9M9Q9|PER5_ARATH	scaffold1954_26748	55.25	295	127	5	28	321	30	320	2e-106	  317
sp|Q9M9Q9|PER5_ARATH	scaffold0976_93116	54.86	288	125	5	35	321	37	320	2e-104	  312
sp|Q9M9Q9|PER5_ARATH	scaffold1577_74753	50.00	272	129	2	56	321	1	271	2e-90	  275
sp|Q9M9Q9|PER5_ARATH	scaffold0544_706217	67.80	177	55	2	145	321	2	176	3e-80	  245
sp|Q9M9Q9|PER5_ARATH	scaffold1680_30288	57.71	201	84	1	4	204	7	206	1e-77	  240
sp|Q9M9Q9|PER5_ARATH	scaffold0976_86023	52.97	236	104	6	88	321	47	277	6e-74	  233
sp|Q9M9Q9|PER5_ARATH	scaffold0118_231188	51.46	239	73	3	83	321	16	211	1e-65	  209
sp|Q9M9Q9|PER5_ARATH	scaffold0724_263863	65.67	134	45	1	136	269	11	143	4e-58	  188
sp|Q9M9Q9|PER5_ARATH	scaffold0471_724535	59.46	111	45	0	24	134	27	137	7e-42	  145
sp|Q9M9Q9|PER5_ARATH	scaffold0976_96433	52.82	142	64	3	180	321	13	151	4e-41	  143
sp|Q9M9Q9|PER5_ARATH	scaffold0544_705690	67.61	71	23	0	69	139	10	80	1e-27	  105
sp|Q43729|PER57_ARATH	scaffold0098_1922902	56.71	298	123	2	22	313	19	316	6e-120	  352
sp|Q43729|PER57_ARATH	scaffold0099_685438	51.34	298	136	4	24	313	28	324	4e-94	  286
sp|Q43729|PER57_ARATH	scaffold0482_9275	51.18	127	58	1	10	132	15	141	2e-35	  129
sp|Q9FLV5|PER61_ARATH	scaffold0024_2563423	69.55	335	101	1	1	335	4	337	9e-176	  495
sp|Q9FKA4|PER62_ARATH	scaffold1429_8956	66.77	319	97	4	9	319	6	323	1e-151	  433
sp|Q9FKA4|PER62_ARATH	scaffold0390_841217	63.72	317	108	3	9	319	6	321	4e-145	  416
sp|Q9FKA4|PER62_ARATH	scaffold0390_824115	61.61	323	116	4	4	319	1	322	1e-143	  412
sp|Q9FKA4|PER62_ARATH	scaffold0465_345194	62.58	318	109	4	11	319	15	331	3e-141	  406
sp|Q9FKA4|PER62_ARATH	scaffold0043_2958342	62.26	318	110	4	11	319	15	331	2e-139	  402
sp|Q9FKA4|PER62_ARATH	scaffold0082_1115112	58.31	307	118	6	20	319	16	319	6e-119	  349
sp|Q9FKA4|PER62_ARATH	scaffold0026_3341822	50.47	317	151	4	8	319	12	327	2e-100	  303
sp|Q9FKA4|PER62_ARATH	scaffold0482_9275	50.00	124	57	2	9	127	12	135	5e-34	  125
sp|Q43872|PER64_ARATH	scaffold2194_27900	72.73	308	83	1	9	316	10	316	1e-174	  491
sp|Q43872|PER64_ARATH	scaffold1037_266472	71.24	306	86	2	11	316	12	315	2e-161	  457
sp|Q43872|PER64_ARATH	scaffold0624_379491	54.58	295	133	1	23	316	2	296	1e-117	  345
sp|Q43872|PER64_ARATH	scaffold1445_72002	55.15	330	129	6	1	316	1	325	9e-112	  331
sp|Q43872|PER64_ARATH	scaffold0155_344723	52.81	231	103	4	21	248	43	270	5e-80	  254
sp|Q9FMR0|PER60_ARATH	scaffold0099_685438	52.48	303	139	3	24	324	24	323	6e-110	  327
sp|Q9FMR0|PER60_ARATH	scaffold0471_724535	50.43	117	54	2	19	131	20	136	4e-31	  117
sp|Q9FL16|PER63_ARATH	scaffold0452_857224	70.72	304	87	1	25	328	20	321	6e-166	  469
sp|Q9FL16|PER63_ARATH	scaffold0163_231995	68.89	315	96	1	14	328	7	319	7e-166	  469
sp|Q9FL16|PER63_ARATH	scaffold0190_752137	60.00	310	111	2	28	328	21	326	9e-138	  398
sp|Q9FL16|PER63_ARATH	scaffold1762_49473	60.13	306	117	1	28	328	20	325	2e-136	  395
sp|Q9FL16|PER63_ARATH	scaffold1109_107683	57.19	306	126	1	28	328	20	325	2e-127	  372
sp|Q9FJR1|PER65_ARATH	scaffold1762_49473	61.18	304	114	1	33	332	24	327	6e-139	  401
sp|Q9FJR1|PER65_ARATH	scaffold0190_752137	59.87	304	118	1	33	332	25	328	8e-138	  398
sp|Q9FJR1|PER65_ARATH	scaffold1109_107683	60.13	306	118	1	33	334	24	329	1e-134	  390
sp|Q9FJR1|PER65_ARATH	scaffold0163_231995	58.81	318	125	2	13	330	8	319	2e-134	  389
sp|Q9FJR1|PER65_ARATH	scaffold0452_857224	60.40	298	115	1	33	330	27	321	4e-133	  386
sp|Q9LVL1|PER68_ARATH	scaffold1169_167923	67.31	312	102	0	14	325	16	327	6e-158	  449
sp|Q9LVL1|PER68_ARATH	scaffold0387_379958	64.42	312	109	2	15	325	15	325	1e-146	  420
sp|Q9LVL1|PER68_ARATH	scaffold1299_48856	63.69	314	110	2	15	325	16	328	2e-142	  410
sp|Q9LVL1|PER68_ARATH	scaffold0443_406417	59.01	322	126	5	7	325	3	321	1e-125	  367
sp|Q9LVL1|PER68_ARATH	scaffold0214_222918	58.68	317	126	3	9	325	15	326	2e-125	  366
sp|Q9LVL1|PER68_ARATH	scaffold0010_343778	57.83	313	125	4	13	325	16	321	4e-125	  365
sp|Q9LVL1|PER68_ARATH	scaffold0998_260430	57.88	311	127	4	16	325	10	317	8e-125	  364
sp|Q9LVL1|PER68_ARATH	scaffold0724_255716	58.04	317	128	3	9	325	15	326	8e-125	  365
sp|Q9LVL1|PER68_ARATH	scaffold0270_9473	58.47	313	125	3	9	321	15	322	1e-123	  362
sp|Q9LVL1|PER68_ARATH	scaffold1954_3377	56.87	313	128	4	13	325	16	321	5e-122	  357
sp|Q9LVL1|PER68_ARATH	scaffold0214_212199	56.96	316	132	3	11	325	10	322	1e-121	  357
sp|Q9LVL1|PER68_ARATH	scaffold1044_231678	57.88	311	128	3	16	325	14	322	2e-121	  356
sp|Q9LVL1|PER68_ARATH	scaffold0387_346261	53.46	318	141	3	12	325	2	316	8e-117	  344
sp|Q9LVL1|PER68_ARATH	scaffold0118_220511	57.32	314	128	5	13	325	12	320	8e-114	  337
sp|Q9LVL1|PER68_ARATH	scaffold0544_709983	57.43	296	122	3	27	321	30	322	6e-113	  334
sp|Q9LVL1|PER68_ARATH	scaffold0010_340125	54.84	310	134	5	18	325	13	318	1e-109	  326
sp|Q9LVL1|PER68_ARATH	scaffold1954_36654	56.66	293	122	4	34	325	32	320	7e-109	  324
sp|Q9LVL1|PER68_ARATH	scaffold1044_206818	58.25	297	121	3	27	321	52	347	1e-108	  324
sp|Q9LVL1|PER68_ARATH	scaffold0976_93116	57.29	288	118	4	39	325	37	320	8e-108	  321
sp|Q9LVL1|PER68_ARATH	scaffold1954_26748	55.97	293	124	4	34	325	32	320	1e-106	  318
sp|Q9LVL1|PER68_ARATH	scaffold1044_235043	53.82	314	141	4	14	325	16	327	8e-105	  313
sp|Q9LVL1|PER68_ARATH	scaffold1680_36395	52.65	321	145	4	11	325	2	321	3e-103	  310
sp|Q9LVL1|PER68_ARATH	scaffold0029_1102648	50.49	305	139	5	30	325	43	344	7e-102	  307
sp|Q9LVL1|PER68_ARATH	scaffold1092_77465	54.02	261	115	3	15	273	7	264	3e-90	  275
sp|Q9LVL1|PER68_ARATH	scaffold1280_156204	50.48	311	141	4	22	321	403	711	9e-89	  288
sp|Q9LVL1|PER68_ARATH	scaffold0976_86023	53.97	239	103	5	89	325	44	277	6e-79	  246
sp|Q9LVL1|PER68_ARATH	scaffold1680_30288	58.14	172	71	1	27	198	26	196	4e-65	  208
sp|Q9LVL1|PER68_ARATH	scaffold0544_706217	55.17	174	74	3	149	321	2	172	4e-55	  181
sp|Q9LVL1|PER68_ARATH	scaffold0471_724535	51.24	121	59	0	17	137	16	136	8e-37	  132
sp|Q9LVL1|PER68_ARATH	scaffold0724_263863	51.47	136	62	3	140	274	11	143	4e-35	  128
sp|Q9LVL1|PER68_ARATH	scaffold0544_705690	62.50	64	24	0	73	136	10	73	3e-22	90.1
sp|Q9LVL2|PER67_ARATH	scaffold1169_167923	66.77	316	105	0	1	316	12	327	1e-156	  445
sp|Q9LVL2|PER67_ARATH	scaffold1299_48856	62.42	314	113	2	7	316	16	328	2e-142	  409
sp|Q9LVL2|PER67_ARATH	scaffold0387_379958	61.08	316	119	2	4	316	11	325	3e-142	  409
sp|Q9LVL2|PER67_ARATH	scaffold0010_343778	59.81	311	119	4	6	316	17	321	3e-131	  381
sp|Q9LVL2|PER67_ARATH	scaffold1954_3377	59.16	311	121	4	6	316	17	321	1e-128	  374
sp|Q9LVL2|PER67_ARATH	scaffold0998_260430	54.60	315	139	3	3	316	6	317	5e-123	  360
sp|Q9LVL2|PER67_ARATH	scaffold0387_346261	56.23	313	133	3	5	316	7	316	6e-121	  354
sp|Q9LVL2|PER67_ARATH	scaffold0443_406417	54.81	312	137	3	2	312	9	317	3e-120	  352
sp|Q9LVL2|PER67_ARATH	scaffold0214_212199	54.46	314	139	3	4	316	12	322	2e-118	  348
sp|Q9LVL2|PER67_ARATH	scaffold0724_255716	52.73	311	144	2	6	316	19	326	2e-117	  345
sp|Q9LVL2|PER67_ARATH	scaffold0214_222918	53.05	311	143	2	6	316	19	326	5e-117	  345
sp|Q9LVL2|PER67_ARATH	scaffold0270_9473	52.77	307	142	2	6	312	19	322	2e-115	  340
sp|Q9LVL2|PER67_ARATH	scaffold1044_231678	53.33	315	143	4	4	316	10	322	6e-114	  337
sp|Q9LVL2|PER67_ARATH	scaffold1954_36654	57.34	293	120	4	25	316	32	320	8e-112	  331
sp|Q9LVL2|PER67_ARATH	scaffold1954_26748	57.68	293	119	4	25	316	32	320	5e-111	  329
sp|Q9LVL2|PER67_ARATH	scaffold0976_93116	57.99	288	116	4	30	316	37	320	1e-110	  328
sp|Q9LVL2|PER67_ARATH	scaffold0010_340125	54.52	310	135	5	9	316	13	318	9e-110	  326
sp|Q9LVL2|PER67_ARATH	scaffold0118_220511	53.80	316	138	5	4	316	10	320	7e-108	  321
sp|Q9LVL2|PER67_ARATH	scaffold0544_709983	53.04	296	135	3	18	312	30	322	3e-106	  317
sp|Q9LVL2|PER67_ARATH	scaffold0029_1102648	52.98	302	130	5	24	316	46	344	8e-106	  317
sp|Q9LVL2|PER67_ARATH	scaffold1044_235043	52.04	319	145	6	2	316	13	327	3e-104	  312
sp|Q9LVL2|PER67_ARATH	scaffold0398_928421	51.00	300	136	4	25	316	34	330	1e-101	  305
sp|Q9LVL2|PER67_ARATH	scaffold0802_512065	50.00	322	144	6	6	316	12	327	3e-100	  301
sp|Q9LVL2|PER67_ARATH	scaffold1044_206818	54.36	298	131	4	18	312	52	347	4e-100	  302
sp|Q9LVL2|PER67_ARATH	scaffold1680_36395	51.92	312	143	5	4	312	10	317	7e-100	  300
sp|Q9LVL2|PER67_ARATH	scaffold1092_77465	55.17	261	113	3	5	264	7	264	9e-94	  284
sp|Q9LVL2|PER67_ARATH	scaffold1577_74753	51.46	274	122	4	51	316	1	271	4e-91	  276
sp|Q9LVL2|PER67_ARATH	scaffold1280_156204	50.33	300	140	3	20	312	414	711	5e-90	  291
sp|Q9LVL2|PER67_ARATH	scaffold0976_86023	54.39	239	102	5	80	316	44	277	3e-79	  246
sp|Q9LVL2|PER67_ARATH	scaffold1680_30288	52.66	188	86	2	4	189	10	196	2e-63	  203
sp|Q9LVL2|PER67_ARATH	scaffold0657_633600	52.43	185	87	1	2	186	12	195	6e-61	  199
sp|Q9LVL2|PER67_ARATH	scaffold0544_706217	52.87	174	78	3	140	312	2	172	2e-51	  171
sp|Q9LVL2|PER67_ARATH	scaffold0976_96433	52.63	152	69	2	165	316	3	151	7e-44	  150
sp|Q9LVL2|PER67_ARATH	scaffold0482_9275	50.00	130	65	0	4	133	12	141	7e-37	  132
sp|Q9LVL2|PER67_ARATH	scaffold0544_705690	54.93	71	32	0	64	134	10	80	2e-21	87.8
sp|Q96511|PER69_ARATH	scaffold1429_8956	56.67	330	126	6	7	331	6	323	1e-119	  352
sp|Q96511|PER69_ARATH	scaffold0390_841217	56.13	326	129	6	10	331	6	321	1e-118	  349
sp|Q96511|PER69_ARATH	scaffold0390_824115	54.98	331	133	5	5	331	4	322	2e-118	  348
sp|Q96511|PER69_ARATH	scaffold0465_345194	54.55	330	134	6	6	331	14	331	4e-117	  345
sp|Q96511|PER69_ARATH	scaffold0043_2958342	54.55	330	134	6	6	331	14	331	3e-115	  340
sp|Q96511|PER69_ARATH	scaffold0082_1115112	55.89	297	126	3	40	331	23	319	6e-109	  324
sp|Q96511|PER69_ARATH	scaffold0482_9275	56.76	111	44	2	39	145	31	141	2e-32	  120
sp|O48677|PER6_ARATH	scaffold0163_231995	57.19	320	131	1	3	322	6	319	3e-133	  386
sp|O48677|PER6_ARATH	scaffold0452_857224	57.19	306	125	1	17	322	22	321	1e-130	  380
sp|O48677|PER6_ARATH	scaffold1762_49473	57.69	312	129	2	17	326	19	329	2e-130	  379
sp|O48677|PER6_ARATH	scaffold1109_107683	59.28	307	122	2	19	323	21	326	3e-130	  379
sp|O48677|PER6_ARATH	scaffold0190_752137	57.88	311	128	2	17	325	20	329	5e-130	  378
sp|Q9LT91|PER66_ARATH	scaffold0624_379491	75.76	297	71	1	26	322	2	297	2e-171	  482
sp|Q9LT91|PER66_ARATH	scaffold1037_266472	54.35	322	141	4	1	322	1	316	5e-125	  365
sp|Q9LT91|PER66_ARATH	scaffold2194_27900	51.90	316	148	3	7	322	6	317	3e-122	  358
sp|Q9LT91|PER66_ARATH	scaffold0155_344723	50.23	221	107	2	16	235	37	255	3e-69	  226
sp|Q9FMI7|PER70_ARATH	scaffold1429_8956	59.53	299	118	3	35	330	25	323	3e-125	  366
sp|Q9FMI7|PER70_ARATH	scaffold0465_345194	54.71	329	143	3	3	330	8	331	5e-125	  366
sp|Q9FMI7|PER70_ARATH	scaffold0043_2958342	54.41	329	144	3	3	330	8	331	3e-122	  358
sp|Q9FMI7|PER70_ARATH	scaffold0390_841217	58.72	298	120	3	35	330	25	321	1e-121	  357
sp|Q9FMI7|PER70_ARATH	scaffold0390_824115	57.05	298	126	2	35	330	25	322	1e-117	  347
sp|Q9FMI7|PER70_ARATH	scaffold0082_1115112	53.29	304	129	3	35	330	21	319	8e-111	  329
sp|Q9FMI7|PER70_ARATH	scaffold0482_9275	53.45	116	50	1	35	146	30	145	8e-33	  122
sp|Q43387|PER71_ARATH	scaffold1429_8956	65.35	329	97	5	8	328	4	323	4e-150	  429
sp|Q43387|PER71_ARATH	scaffold0390_841217	62.27	326	107	3	7	328	8	321	2e-143	  412
sp|Q43387|PER71_ARATH	scaffold0465_345194	61.23	325	114	3	7	328	16	331	5e-142	  409
sp|Q43387|PER71_ARATH	scaffold0390_824115	61.16	327	110	4	7	328	8	322	3e-140	  404
sp|Q43387|PER71_ARATH	scaffold0043_2958342	60.62	325	116	3	7	328	16	331	6e-138	  399
sp|Q43387|PER71_ARATH	scaffold0082_1115112	58.96	307	115	4	31	328	15	319	4e-123	  360
sp|Q43387|PER71_ARATH	scaffold0026_3341822	53.85	299	132	4	36	328	29	327	1e-102	  308
sp|Q43387|PER71_ARATH	scaffold0155_344723	50.87	230	107	4	34	258	44	272	8e-68	  223
sp|Q43387|PER71_ARATH	scaffold0482_9275	55.96	109	44	3	33	137	27	135	3e-34	  126
sp|Q9FJZ9|PER72_ARATH	scaffold0398_928421	77.67	318	69	1	16	333	15	330	0.0	  528
sp|Q9FJZ9|PER72_ARATH	scaffold1577_74753	78.23	271	59	0	63	333	1	271	5e-162	  458
sp|Q9FJZ9|PER72_ARATH	scaffold0029_1102648	64.90	302	105	1	33	333	43	344	9e-144	  414
sp|Q9FJZ9|PER72_ARATH	scaffold0362_101275	52.92	308	139	3	32	334	32	338	7e-111	  330
sp|Q9FJZ9|PER72_ARATH	scaffold0387_346261	52.47	324	141	4	15	333	1	316	8e-110	  327
sp|Q9FJZ9|PER72_ARATH	scaffold1299_48856	52.15	303	135	3	33	333	34	328	4e-108	  323
sp|Q9FJZ9|PER72_ARATH	scaffold0387_379958	50.83	303	139	3	33	333	31	325	8e-108	  322
sp|Q9FJZ9|PER72_ARATH	scaffold0802_512065	53.11	305	135	5	33	333	27	327	9e-106	  317
sp|Q9FJZ9|PER72_ARATH	scaffold1954_26748	51.67	300	135	4	35	333	30	320	2e-99	  300
sp|Q9FJZ9|PER72_ARATH	scaffold1954_36654	52.00	300	134	5	35	333	30	320	2e-98	  297
sp|Q9FJZ9|PER72_ARATH	scaffold0010_340125	50.00	302	142	4	33	333	25	318	7e-97	  293
sp|Q9FJZ9|PER72_ARATH	scaffold0976_93116	52.22	293	130	5	42	333	37	320	2e-95	  290
sp|Q9FJZ9|PER72_ARATH	scaffold1280_156204	50.68	294	143	2	37	329	419	711	1e-90	  293
sp|Q9FJZ9|PER72_ARATH	scaffold1092_77465	52.31	260	114	2	21	280	15	264	7e-86	  264
sp|Q9FJZ9|PER72_ARATH	scaffold0482_9275	52.85	123	58	0	23	145	19	141	2e-34	  126
sp|Q43873|PER73_ARATH	scaffold0310_467929	72.22	306	85	0	24	329	25	330	1e-166	  471
sp|Q43873|PER73_ARATH	scaffold2268_34879	66.12	307	103	1	23	329	22	327	1e-149	  428
sp|Q43873|PER73_ARATH	scaffold0182_11932	65.23	302	104	1	24	325	25	325	1e-143	  414
sp|Q43873|PER73_ARATH	scaffold0237_1003923	62.30	305	112	2	25	329	23	324	2e-137	  397
sp|Q43873|PER73_ARATH	scaffold1227_74962	50.96	314	122	3	12	325	9	290	8e-103	  308
sp|Q43873|PER73_ARATH	scaffold3381_12690	60.00	235	91	2	25	259	22	253	1e-97	  293
sp|Q43873|PER73_ARATH	scaffold1863_32489	68.91	193	60	0	2	194	3	195	5e-95	  284
sp|Q43873|PER73_ARATH	scaffold1863_33250	57.32	82	28	1	248	329	1	75	5e-23	92.4
sp|Q9SY33|PER7_ARATH	scaffold0571_148084	61.02	295	113	2	55	349	54	346	6e-128	  374
sp|Q9SY33|PER7_ARATH	scaffold0290_1185182	52.16	301	136	3	45	345	50	342	4e-107	  321
sp|Q96512|PER9_ARATH	scaffold0029_1102648	72.83	346	92	2	1	346	1	344	0.0	  527
sp|Q96512|PER9_ARATH	scaffold0398_928421	66.56	302	100	1	45	346	30	330	3e-147	  423
sp|Q96512|PER9_ARATH	scaffold1577_74753	66.18	272	91	1	75	346	1	271	1e-129	  376
sp|Q96512|PER9_ARATH	scaffold1169_167923	53.04	313	135	5	37	346	24	327	7e-113	  335
sp|Q96512|PER9_ARATH	scaffold0387_346261	54.64	302	128	2	45	346	24	316	4e-112	  333
sp|Q96512|PER9_ARATH	scaffold0362_101275	51.24	322	144	4	33	346	21	337	6e-110	  328
sp|Q96512|PER9_ARATH	scaffold1299_48856	51.97	304	135	3	45	346	34	328	5e-109	  325
sp|Q96512|PER9_ARATH	scaffold0010_340125	54.13	303	129	4	45	346	25	318	6e-109	  325
sp|Q96512|PER9_ARATH	scaffold0211_1610443	50.99	302	148	0	45	346	31	332	1e-106	  320
sp|Q96512|PER9_ARATH	scaffold0443_406417	50.66	304	142	3	43	346	26	321	3e-106	  318
sp|Q96512|PER9_ARATH	scaffold0423_136258	51.29	310	136	3	49	346	41	347	4e-106	  318
sp|Q96512|PER9_ARATH	scaffold1954_3377	50.16	315	138	4	39	346	19	321	8e-106	  317
sp|Q96512|PER9_ARATH	scaffold0387_379958	50.66	304	139	3	45	346	31	325	1e-105	  317
sp|Q96512|PER9_ARATH	scaffold0214_222918	50.33	304	142	2	43	346	32	326	8e-105	  315
sp|Q96512|PER9_ARATH	scaffold1044_231678	50.16	305	143	3	43	346	26	322	1e-103	  311
sp|Q96512|PER9_ARATH	scaffold0802_512065	50.65	306	146	2	43	346	25	327	5e-102	  307
sp|Q96512|PER9_ARATH	scaffold0105_971799	52.33	300	136	4	48	346	30	323	4e-101	  305
sp|Q96512|PER9_ARATH	scaffold1277_61805	50.00	320	158	2	29	346	11	330	9e-101	  305
sp|Q96512|PER9_ARATH	scaffold1954_26748	51.50	301	135	5	47	346	30	320	5e-100	  302
sp|Q96512|PER9_ARATH	scaffold1280_156204	51.56	320	148	3	28	342	394	711	9e-99	  315
sp|Q96512|PER9_ARATH	scaffold1954_36654	50.50	301	138	5	47	346	30	320	1e-98	  298
sp|Q96512|PER9_ARATH	scaffold0976_93116	51.02	294	133	5	54	346	37	320	1e-96	  293
sp|Q96512|PER9_ARATH	scaffold1092_77465	54.58	251	107	2	42	292	21	264	1e-88	  272
sp|Q96512|PER9_ARATH	scaffold1680_30288	52.07	169	81	0	42	210	26	194	2e-60	  196
sp|Q96512|PER9_ARATH	scaffold0657_633600	56.36	165	72	0	45	209	31	195	1e-58	  194
sp|Q96512|PER9_ARATH	scaffold0471_724535	52.89	121	54	1	32	152	19	136	2e-36	  131
sp|Q96512|PER9_ARATH	scaffold0482_9275	52.59	116	55	0	42	157	26	141	5e-35	  128
sp|Q9LNL0|PER8_ARATH	scaffold0098_1922902	54.85	299	125	3	20	309	19	316	2e-112	  333
sp|Q9LNL0|PER8_ARATH	scaffold0482_9275	50.39	127	62	1	8	133	15	141	5e-36	  130
