sp|P52032|GPX1_ARATH	scaffold0564_591898	77.58	223	50	0	14	236	16	238	5e-122	  350
sp|P52032|GPX1_ARATH	scaffold0196_372488	68.48	165	52	0	71	235	72	236	3e-82	  249
sp|P52032|GPX1_ARATH	scaffold0959_355995	61.42	197	71	2	45	236	2	198	2e-81	  246
sp|P52032|GPX1_ARATH	scaffold0196_285943	66.04	159	54	0	77	235	10	168	3e-75	  229
sp|P52032|GPX1_ARATH	scaffold0196_362025	64.78	159	56	0	77	235	10	168	3e-73	  224
sp|P52032|GPX1_ARATH	scaffold1121_63863	63.75	160	58	0	77	236	10	169	4e-73	  224
sp|P52032|GPX1_ARATH	scaffold0154_1349660	61.88	160	61	0	76	235	9	168	6e-73	  223
sp|P52032|GPX1_ARATH	scaffold1121_105764	56.52	161	49	1	75	235	2	141	1e-57	  183
sp|O04922|GPX2_ARATH	scaffold0959_355995	78.44	167	36	0	1	167	33	199	7e-97	  282
sp|O04922|GPX2_ARATH	scaffold0196_372488	69.05	168	51	1	1	167	71	238	5e-82	  246
sp|O04922|GPX2_ARATH	scaffold0564_591898	70.44	159	47	0	7	165	79	237	6e-80	  241
sp|O04922|GPX2_ARATH	scaffold0196_285943	66.07	168	54	1	1	165	1	168	7e-77	  230
sp|O04922|GPX2_ARATH	scaffold0196_362025	66.25	160	54	0	6	165	9	168	6e-75	  226
sp|O04922|GPX2_ARATH	scaffold1121_63863	64.29	168	57	1	1	165	1	168	1e-74	  225
sp|O04922|GPX2_ARATH	scaffold0154_1349660	66.46	158	53	0	7	164	10	167	6e-73	  220
sp|O04922|GPX2_ARATH	scaffold1121_105764	53.37	163	55	1	5	167	2	143	7e-55	  173
sp|O22850|GPX3_ARATH	scaffold0959_355995	68.06	191	56	2	19	206	11	199	1e-90	  268
sp|O22850|GPX3_ARATH	scaffold0564_591898	71.70	159	45	0	47	205	80	238	7e-81	  244
sp|O22850|GPX3_ARATH	scaffold0196_372488	70.00	160	48	0	47	206	79	238	2e-80	  243
sp|O22850|GPX3_ARATH	scaffold0196_285943	68.99	158	49	0	47	204	11	168	2e-75	  228
sp|O22850|GPX3_ARATH	scaffold0196_362025	65.06	166	58	0	39	204	3	168	2e-73	  223
sp|O22850|GPX3_ARATH	scaffold1121_63863	67.72	158	51	0	47	204	11	168	6e-73	  222
sp|O22850|GPX3_ARATH	scaffold0154_1349660	57.74	168	68	1	36	203	3	167	3e-65	  202
sp|O22850|GPX3_ARATH	scaffold1121_105764	53.99	163	54	1	44	206	2	143	1e-55	  176
sp|Q8L910|GPX4_ARATH	scaffold0154_1349660	73.65	167	44	0	1	167	1	167	2e-91	  268
sp|Q8L910|GPX4_ARATH	scaffold0196_372488	67.27	165	53	1	3	167	72	235	5e-78	  236
sp|Q8L910|GPX4_ARATH	scaffold0196_285943	62.05	166	60	1	5	167	2	167	1e-71	  217
sp|Q8L910|GPX4_ARATH	scaffold0196_362025	61.88	160	60	1	8	167	9	167	2e-69	  212
sp|Q8L910|GPX4_ARATH	scaffold1121_63863	59.64	166	64	1	5	167	2	167	3e-69	  211
sp|Q8L910|GPX4_ARATH	scaffold0564_591898	60.38	159	63	0	9	167	78	236	1e-68	  212
sp|Q8L910|GPX4_ARATH	scaffold0959_355995	60.13	158	63	0	10	167	39	196	2e-67	  207
sp|Q8L910|GPX4_ARATH	scaffold1121_105764	53.80	158	52	1	10	167	4	140	2e-53	  170
sp|Q9LYB4|GPX5_ARATH	scaffold0154_1349660	75.15	169	40	1	1	169	1	167	2e-91	  267
sp|Q9LYB4|GPX5_ARATH	scaffold0196_372488	69.18	159	49	0	12	170	78	236	3e-81	  244
sp|Q9LYB4|GPX5_ARATH	scaffold0196_285943	63.52	159	58	0	12	170	10	168	3e-75	  226
sp|Q9LYB4|GPX5_ARATH	scaffold0564_591898	64.42	163	58	0	8	170	75	237	3e-75	  229
sp|Q9LYB4|GPX5_ARATH	scaffold0196_362025	61.64	159	61	0	12	170	10	168	4e-73	  221
sp|Q9LYB4|GPX5_ARATH	scaffold1121_63863	61.01	159	62	0	12	170	10	168	7e-73	  221
sp|Q9LYB4|GPX5_ARATH	scaffold0959_355995	62.73	161	60	0	10	170	37	197	3e-72	  220
sp|Q9LYB4|GPX5_ARATH	scaffold1121_105764	53.70	162	54	1	9	170	1	141	7e-58	  181
sp|O48646|GPX6_ARATH	scaffold0196_372488	70.73	246	47	5	1	230	1	237	7e-116	  335
sp|O48646|GPX6_ARATH	scaffold0196_285943	75.93	162	39	0	70	231	9	170	1e-91	  270
sp|O48646|GPX6_ARATH	scaffold1121_63863	74.69	162	41	0	70	231	9	170	2e-89	  265
sp|O48646|GPX6_ARATH	scaffold0196_362025	74.07	162	42	0	70	231	9	170	2e-89	  265
sp|O48646|GPX6_ARATH	scaffold0959_355995	71.76	170	47	1	60	229	29	197	9e-87	  259
sp|O48646|GPX6_ARATH	scaffold0564_591898	69.19	172	53	0	58	229	66	237	3e-85	  257
sp|O48646|GPX6_ARATH	scaffold0154_1349660	69.70	165	49	1	65	228	3	167	2e-81	  244
sp|O48646|GPX6_ARATH	scaffold1121_105764	67.08	161	32	1	71	231	4	143	7e-72	  219
sp|Q8LBU2|GPX8_ARATH	scaffold1121_63863	79.88	164	33	0	4	167	7	170	1e-95	  278
sp|Q8LBU2|GPX8_ARATH	scaffold0196_285943	78.66	164	35	0	4	167	7	170	1e-95	  278
sp|Q8LBU2|GPX8_ARATH	scaffold0196_362025	76.83	164	38	0	4	167	7	170	2e-93	  273
sp|Q8LBU2|GPX8_ARATH	scaffold0196_372488	68.45	168	52	1	1	167	71	238	1e-86	  258
sp|Q8LBU2|GPX8_ARATH	scaffold0959_355995	61.68	167	64	0	1	167	33	199	4e-75	  227
sp|Q8LBU2|GPX8_ARATH	scaffold0564_591898	60.13	158	63	0	7	164	79	236	5e-71	  218
sp|Q8LBU2|GPX8_ARATH	scaffold0154_1349660	60.13	158	63	0	7	164	10	167	1e-70	  214
sp|Q8LBU2|GPX8_ARATH	scaffold1121_105764	51.55	161	57	1	7	167	4	143	4e-55	  174
sp|Q9SZ54|GPX7_ARATH	scaffold0564_591898	73.04	230	59	1	4	233	12	238	1e-116	  337
sp|Q9SZ54|GPX7_ARATH	scaffold0959_355995	75.00	160	40	0	74	233	39	198	3e-86	  258
sp|Q9SZ54|GPX7_ARATH	scaffold0196_372488	65.95	185	63	0	48	232	52	236	1e-85	  258
sp|Q9SZ54|GPX7_ARATH	scaffold0196_285943	69.81	159	48	0	74	232	10	168	1e-78	  238
sp|Q9SZ54|GPX7_ARATH	scaffold0196_362025	68.55	159	50	0	74	232	10	168	9e-77	  233
sp|Q9SZ54|GPX7_ARATH	scaffold1121_63863	67.50	160	52	0	74	233	10	169	1e-76	  233
sp|Q9SZ54|GPX7_ARATH	scaffold0154_1349660	63.75	160	58	0	73	232	9	168	2e-73	  224
sp|Q9SZ54|GPX7_ARATH	scaffold1121_105764	59.01	161	45	1	72	232	2	141	3e-59	  187
