sp|Q9SR59|MDAR1_ARATH	scaffold0031_1829426	68.98	432	133	1	4	435	3	433	0.0	  595
sp|Q9SR59|MDAR1_ARATH	scaffold1383_12498	68.75	432	134	1	4	435	3	433	0.0	  592
sp|Q9SR59|MDAR1_ARATH	scaffold3218_2988	66.28	433	141	3	4	435	3	431	0.0	  569
sp|Q93WJ8|MDAR4_ARATH	scaffold1383_12498	78.24	432	94	0	4	435	3	434	0.0	  679
sp|Q93WJ8|MDAR4_ARATH	scaffold0031_1829426	78.01	432	95	0	4	435	3	434	0.0	  675
sp|Q93WJ8|MDAR4_ARATH	scaffold3218_2988	72.73	440	102	2	4	435	3	432	0.0	  650
sp|Q93WJ8|MDAR4_ARATH	scaffold0980_3829	53.36	431	194	2	5	435	3	426	6e-151	  441
sp|Q93WJ8|MDAR4_ARATH	scaffold0021_379549	52.67	431	197	2	5	435	3	426	3e-148	  434
sp|P92947|MDARP_ARATH	scaffold0764_546000	76.84	488	109	2	1	486	1	486	0.0	  768
sp|P92947|MDARP_ARATH	scaffold0117_949287	80.00	75	15	0	419	493	48	122	6e-33	  123
sp|P92947-2|MDARP_ARATH	scaffold0764_546000	76.81	483	108	2	1	481	8	488	0.0	  759
sp|P92947-2|MDARP_ARATH	scaffold0117_949287	80.00	75	15	0	412	486	48	122	5e-33	  123
sp|Q9LFA3|MDAR3_ARATH	scaffold0031_1829426	79.26	434	90	0	1	434	1	434	0.0	  708
sp|Q9LFA3|MDAR3_ARATH	scaffold1383_12498	79.26	434	90	0	1	434	1	434	0.0	  703
sp|Q9LFA3|MDAR3_ARATH	scaffold3218_2988	73.96	434	111	1	1	434	1	432	0.0	  669
sp|Q9LFA3|MDAR3_ARATH	scaffold0980_3829	54.06	431	191	2	4	434	3	426	7e-158	  459
sp|Q9LFA3|MDAR3_ARATH	scaffold0021_379549	52.20	431	199	2	4	434	3	426	2e-154	  450
sp|Q9LK94|MDAR2_ARATH	scaffold0980_3829	79.10	488	92	3	1	488	1	478	0.0	  762
sp|Q9LK94|MDAR2_ARATH	scaffold0021_379549	76.52	477	102	5	1	477	1	467	0.0	  724
sp|Q9LK94|MDAR2_ARATH	scaffold0031_1829426	55.20	433	185	4	3	428	4	434	4e-159	  463
sp|Q9LK94|MDAR2_ARATH	scaffold1383_12498	54.97	433	186	4	3	428	4	434	1e-158	  462
sp|Q9LK94|MDAR2_ARATH	scaffold3218_2988	52.19	433	196	6	3	428	4	432	1e-150	  441
