sp|Q7G959|PRX2A_ARATH	scaffold0744_327281	61.18	152	55	1	1	148	1	152	8e-59	  196
sp|Q7G959|PRX2A_ARATH	scaffold0198_1471103	61.18	152	55	1	1	148	1	152	2e-58	  195
sp|Q9XEX2|PRX2B_ARATH	scaffold0744_327281	80.25	162	32	0	1	162	1	162	2e-96	  280
sp|Q9XEX2|PRX2B_ARATH	scaffold0198_1471103	79.01	162	34	0	1	162	1	162	4e-95	  276
sp|Q9XEX2|PRX2B_ARATH	scaffold0840_467898	55.21	163	71	1	2	162	68	230	5e-59	  187
sp|Q9XEX2|PRX2B_ARATH	scaffold0360_1177151	58.12	117	49	0	2	118	67	183	4e-44	  147
sp|O22711|PRX2D_ARATH	scaffold0744_327281	75.93	162	39	0	1	162	1	162	9e-92	  268
sp|O22711|PRX2D_ARATH	scaffold0198_1471103	74.69	162	41	0	1	162	1	162	3e-90	  264
sp|O22711|PRX2D_ARATH	scaffold0840_467898	52.76	163	75	1	2	162	68	230	1e-56	  181
sp|O22711|PRX2D_ARATH	scaffold0360_1177151	54.70	117	53	0	2	118	67	183	6e-42	  141
sp|Q9SRZ4|PRX2C_ARATH	scaffold0744_327281	76.54	162	38	0	1	162	1	162	7e-93	  271
sp|Q9SRZ4|PRX2C_ARATH	scaffold0198_1471103	75.31	162	40	0	1	162	1	162	1e-91	  267
sp|Q9SRZ4|PRX2C_ARATH	scaffold0840_467898	52.76	163	75	1	2	162	68	230	2e-56	  180
sp|Q9SRZ4|PRX2C_ARATH	scaffold0360_1177151	54.70	117	53	0	2	118	67	183	8e-42	  141
sp|Q9M7T0|PRX2F_ARATH	scaffold0139_989815	78.61	201	43	0	1	201	1	201	3e-114	  328
sp|Q9M7T0|PRX2F_ARATH	scaffold0091_89756	59.11	203	68	4	7	201	7	202	1e-68	  212
sp|Q949U7|PRX2E_ARATH	scaffold0840_467898	72.29	166	45	1	69	234	66	230	2e-87	  262
sp|Q949U7|PRX2E_ARATH	scaffold0360_1177151	72.50	120	32	1	69	188	65	183	8e-61	  192
sp|Q949U7|PRX2E_ARATH	scaffold0744_327281	56.10	164	69	2	71	234	2	162	2e-58	  186
sp|Q949U7|PRX2E_ARATH	scaffold0198_1471103	54.88	164	71	2	71	234	2	162	1e-56	  181
sp|Q96291|BAS1A_ARATH	scaffold0005_99542	77.01	274	50	5	1	266	1	269	7e-144	  409
sp|Q96291|BAS1A_ARATH	scaffold0583_705071	77.29	273	49	4	1	266	1	267	2e-143	  407
sp|Q9C5R8|BAS1B_ARATH	scaffold0583_705071	77.86	271	50	6	7	273	3	267	5e-144	  409
sp|Q9C5R8|BAS1B_ARATH	scaffold0005_99542	88.48	217	23	2	58	273	54	269	4e-143	  407
sp|Q9LU86|PRXQ_ARATH	scaffold0272_190240	63.38	142	49	1	6	144	54	195	2e-50	  166
sp|O04005|REHY_ARATH	scaffold0789_326461	59.07	215	46	3	1	215	34	206	2e-81	  245
