gi|10716961|gb|AAG21983.1|AF263611_1	scaffold1092_201335	61.46	576	200	7	6	563	21	592	0.0	  714
gi|10716961|gb|AAG21983.1|AF263611_1	scaffold2520_26335	61.82	584	197	9	1	563	12	590	0.0	  701
gi|10716961|gb|AAG21983.1|AF263611_1	scaffold1007_214226	62.26	575	195	8	6	563	21	590	0.0	  697
gi|10716961|gb|AAG21983.1|AF263611_1	scaffold1007_118363	61.63	576	198	9	6	563	30	600	0.0	  690
gi|10716961|gb|AAG21983.1|AF263611_1	scaffold2129_12246	60.59	538	194	7	6	527	30	565	0.0	  637
gi|10716961|gb|AAG21983.1|AF263611_1	scaffold0130_2061154	53.42	292	116	4	274	563	68	341	8e-95	  297
gi|51872303|gb|AAU12256.1|	scaffold1007_214226	61.14	579	209	6	14	581	17	590	0.0	  717
gi|51872303|gb|AAU12256.1|	scaffold2520_26335	61.14	579	209	6	14	581	17	590	0.0	  716
gi|51872303|gb|AAU12256.1|	scaffold1092_201335	58.15	595	232	6	1	581	1	592	0.0	  708
gi|51872303|gb|AAU12256.1|	scaffold1007_118363	58.56	596	227	8	1	581	10	600	0.0	  697
gi|51872303|gb|AAU12256.1|	scaffold2129_12246	58.64	544	209	6	15	547	27	565	0.0	  632
gi|51872303|gb|AAU12256.1|	scaffold0130_2061154	53.06	294	116	4	290	581	68	341	1e-94	  297
gi|51872305|gb|AAU12257.1|	scaffold1092_201335	73.11	595	152	8	1	590	1	592	0.0	  893
gi|51872305|gb|AAU12257.1|	scaffold1007_214226	73.69	593	150	5	1	590	1	590	0.0	  888
gi|51872305|gb|AAU12257.1|	scaffold2520_26335	72.51	593	157	5	1	590	1	590	0.0	  870
gi|51872305|gb|AAU12257.1|	scaffold1007_118363	70.88	594	166	6	1	590	10	600	0.0	  851
gi|51872305|gb|AAU12257.1|	scaffold2129_12246	69.41	559	165	5	1	556	10	565	0.0	  780
gi|51872305|gb|AAU12257.1|	scaffold0130_2061154	57.10	303	101	1	288	590	68	341	1e-120	  364
gi|550349304|gb|ERP66694.1|	scaffold2520_26335	61.07	578	209	6	15	581	18	590	0.0	  714
gi|550349304|gb|ERP66694.1|	scaffold1007_214226	60.90	578	210	6	15	581	18	590	0.0	  713
gi|550349304|gb|ERP66694.1|	scaffold1092_201335	59.41	579	221	6	14	581	17	592	0.0	  707
gi|550349304|gb|ERP66694.1|	scaffold1007_118363	58.12	597	228	9	1	581	10	600	0.0	  689
gi|550349304|gb|ERP66694.1|	scaffold2129_12246	58.09	544	212	6	15	547	27	565	0.0	  627
gi|550349304|gb|ERP66694.1|	scaffold0130_2061154	51.02	294	122	3	290	581	68	341	1e-92	  291
gi|550349298|gb|ERP66688.1|	scaffold1007_214226	59.05	442	151	5	1	416	153	590	1e-176	  511
gi|550349298|gb|ERP66688.1|	scaffold1092_201335	58.37	442	155	6	1	416	154	592	8e-176	  508
gi|550349298|gb|ERP66688.1|	scaffold2520_26335	58.37	442	154	5	1	416	153	590	6e-175	  506
gi|550349298|gb|ERP66688.1|	scaffold1007_118363	57.47	442	158	5	1	416	163	600	4e-172	  499
gi|550349298|gb|ERP66688.1|	scaffold2129_12246	58.09	408	141	5	1	382	162	565	9e-157	  459
gi|550349298|gb|ERP66688.1|	scaffold0130_2061154	51.70	294	120	4	125	416	68	341	2e-94	  291
gi|550349296|gb|ERP66686.1|	scaffold1007_214226	59.54	566	200	7	2	543	30	590	0.0	  673
gi|550349296|gb|ERP66686.1|	scaffold2520_26335	59.54	566	200	7	2	543	30	590	0.0	  673
gi|550349296|gb|ERP66686.1|	scaffold1092_201335	58.98	551	200	6	16	543	45	592	0.0	  662
gi|550349296|gb|ERP66686.1|	scaffold1007_118363	58.38	567	206	8	2	543	39	600	0.0	  652
gi|550349296|gb|ERP66686.1|	scaffold2129_12246	57.14	532	199	7	2	509	39	565	0.0	  592
gi|550349296|gb|ERP66686.1|	scaffold0130_2061154	53.06	294	116	4	252	543	68	341	6e-95	  296
gi|550349307|gb|ERP66697.1|	scaffold1007_214226	59.08	589	221	10	4	573	3	590	0.0	  677
gi|550349307|gb|ERP66697.1|	scaffold1092_201335	57.29	583	228	9	11	573	11	592	0.0	  677
gi|550349307|gb|ERP66697.1|	scaffold2520_26335	58.57	589	224	10	4	573	3	590	0.0	  670
gi|550349307|gb|ERP66697.1|	scaffold1007_118363	57.63	583	227	9	10	573	19	600	0.0	  660
gi|550349307|gb|ERP66697.1|	scaffold2129_12246	55.22	556	227	8	4	539	12	565	0.0	  591
gi|550349307|gb|ERP66697.1|	scaffold0130_2061154	50.17	291	116	5	291	573	72	341	2e-88	  280
gi|550349306|gb|ERP66696.1|	scaffold1007_214226	60.97	579	210	6	8	575	17	590	0.0	  713
gi|550349306|gb|ERP66696.1|	scaffold2520_26335	60.97	579	210	6	8	575	17	590	0.0	  712
gi|550349306|gb|ERP66696.1|	scaffold1092_201335	61.16	551	201	5	35	575	45	592	0.0	  702
gi|550349306|gb|ERP66696.1|	scaffold1007_118363	59.52	583	219	7	5	575	23	600	0.0	  692
gi|550349306|gb|ERP66696.1|	scaffold2129_12246	58.35	545	211	6	8	541	26	565	0.0	  627
gi|550349306|gb|ERP66696.1|	scaffold0130_2061154	53.06	294	116	4	284	575	68	341	5e-95	  298
gi|550349297|gb|ERP66687.1|	scaffold1007_214226	60.45	579	213	6	14	581	17	590	0.0	  712
gi|550349297|gb|ERP66687.1|	scaffold2520_26335	60.45	579	213	6	14	581	17	590	0.0	  711
gi|550349297|gb|ERP66687.1|	scaffold1092_201335	59.41	579	221	6	14	581	17	592	0.0	  710
gi|550349297|gb|ERP66687.1|	scaffold1007_118363	58.12	597	228	9	1	581	10	600	0.0	  688
gi|550349297|gb|ERP66687.1|	scaffold2129_12246	58.09	544	212	6	15	547	27	565	0.0	  629
gi|550349297|gb|ERP66687.1|	scaffold0130_2061154	52.72	294	117	4	290	581	68	341	2e-94	  296
gi|550349299|gb|ERP66689.1|	scaffold2520_26335	61.49	579	207	6	14	581	17	590	0.0	  720
gi|550349299|gb|ERP66689.1|	scaffold1007_214226	61.14	579	209	6	14	581	17	590	0.0	  715
gi|550349299|gb|ERP66689.1|	scaffold1092_201335	59.76	579	219	6	14	581	17	592	0.0	  707
gi|550349299|gb|ERP66689.1|	scaffold1007_118363	58.89	596	225	8	1	581	10	600	0.0	  695
gi|550349299|gb|ERP66689.1|	scaffold2129_12246	59.01	544	207	6	15	547	27	565	0.0	  636
gi|550349299|gb|ERP66689.1|	scaffold0130_2061154	53.40	294	115	4	290	581	68	341	7e-95	  298
gi|566153736|ref|XP_006370123.1|	scaffold1007_214226	55.72	411	133	8	2	376	3	400	2e-159	  464
gi|566153736|ref|XP_006370123.1|	scaffold2520_26335	55.47	411	134	8	2	376	3	400	3e-158	  462
gi|566153736|ref|XP_006370123.1|	scaffold1092_201335	54.74	411	139	7	2	376	3	402	3e-154	  452
gi|566153736|ref|XP_006370123.1|	scaffold1007_118363	53.56	407	144	8	10	376	9	410	4e-149	  439
gi|566153736|ref|XP_006370123.1|	scaffold2129_12246	51.34	411	151	8	2	376	12	409	2e-140	  416
