sp|O81209|RBOHA_ARATH	scaffold0702_194727	64.28	907	305	12	5	902	17	913	0.0	 1184
sp|O81209|RBOHA_ARATH	scaffold0169_1468101	64.45	886	301	7	22	902	35	911	0.0	 1170
sp|O81209|RBOHA_ARATH	scaffold0294_996139	62.50	896	309	10	22	902	36	919	0.0	 1140
sp|O81209|RBOHA_ARATH	scaffold0854_385898	63.83	871	290	10	41	902	56	910	0.0	 1130
sp|O81209|RBOHA_ARATH	scaffold0170_1831951	59.93	866	317	9	41	902	44	883	0.0	 1058
sp|O81209|RBOHA_ARATH	scaffold0319_32052	56.49	770	301	10	106	855	148	903	0.0	  877
sp|O81209|RBOHA_ARATH	scaffold0272_197338	50.34	890	392	14	43	902	56	925	0.0	  850
sp|O81209|RBOHA_ARATH	scaffold0280_1263879	50.88	735	302	10	43	726	35	761	0.0	  704
sp|O81209|RBOHA_ARATH	scaffold3830_9458	50.28	360	160	3	375	733	1	342	6e-125	  385
sp|O81210|RBOHC_ARATH	scaffold0702_194727	69.41	899	246	11	21	905	30	913	0.0	 1288
sp|O81210|RBOHC_ARATH	scaffold0169_1468101	69.71	908	241	16	14	905	22	911	0.0	 1277
sp|O81210|RBOHC_ARATH	scaffold0294_996139	67.18	908	258	12	21	905	29	919	0.0	 1259
sp|O81210|RBOHC_ARATH	scaffold0854_385898	66.81	910	258	11	21	905	20	910	0.0	 1251
sp|O81210|RBOHC_ARATH	scaffold0170_1831951	62.42	894	312	9	14	905	12	883	0.0	 1147
sp|O81210|RBOHC_ARATH	scaffold0319_32052	54.05	901	322	21	36	858	17	903	0.0	  914
sp|O81210|RBOHC_ARATH	scaffold0280_1263879	51.65	757	299	16	36	735	16	762	0.0	  733
sp|O81210|RBOHC_ARATH	scaffold3830_9458	50.82	364	159	5	382	744	1	345	1e-123	  382
sp|Q9FIJ0|RBOHD_ARATH	scaffold0294_996139	75.89	925	193	12	16	921	6	919	0.0	 1436
sp|Q9FIJ0|RBOHD_ARATH	scaffold0854_385898	76.34	917	191	13	22	921	3	910	0.0	 1419
sp|Q9FIJ0|RBOHD_ARATH	scaffold0702_194727	67.87	915	257	12	26	921	17	913	0.0	 1298
sp|Q9FIJ0|RBOHD_ARATH	scaffold0169_1468101	66.34	915	270	12	26	921	16	911	0.0	 1259
sp|Q9FIJ0|RBOHD_ARATH	scaffold0170_1831951	64.18	910	280	15	23	921	9	883	0.0	 1199
sp|Q9FIJ0|RBOHD_ARATH	scaffold0319_32052	52.68	896	342	16	56	874	13	903	0.0	  914
sp|Q9FIJ0|RBOHD_ARATH	scaffold0272_197338	52.27	882	383	10	70	921	52	925	0.0	  884
sp|Q9FIJ0|RBOHD_ARATH	scaffold0280_1263879	51.75	771	301	14	47	756	2	762	0.0	  743
sp|Q9FIJ0|RBOHD_ARATH	scaffold3830_9458	54.90	357	145	3	407	762	1	342	1e-134	  411
sp|O48538|RBOHF_ARATH	scaffold0319_32052	77.50	911	181	9	1	896	1	902	0.0	 1443
sp|O48538|RBOHF_ARATH	scaffold0280_1263879	76.37	766	161	8	10	766	8	762	0.0	 1185
sp|O48538|RBOHF_ARATH	scaffold0272_197338	57.73	918	332	12	38	944	53	925	0.0	 1036
sp|O48538|RBOHF_ARATH	scaffold0294_996139	54.87	924	350	13	31	944	53	919	0.0	 1010
sp|O48538|RBOHF_ARATH	scaffold0854_385898	55.49	910	336	12	43	944	62	910	0.0	 1001
sp|O48538|RBOHF_ARATH	scaffold0170_1831951	54.88	911	333	11	40	944	45	883	0.0	  984
sp|O48538|RBOHF_ARATH	scaffold0702_194727	54.00	926	347	12	34	944	52	913	0.0	  973
sp|O48538|RBOHF_ARATH	scaffold0169_1468101	54.14	918	357	11	34	944	51	911	0.0	  968
sp|O48538|RBOHF_ARATH	scaffold1323_154122	50.06	819	371	8	146	944	86	886	0.0	  824
sp|O48538|RBOHF_ARATH	scaffold3830_9458	54.21	356	148	2	418	772	1	342	2e-133	  408
sp|O81211|RBOHE_ARATH	scaffold0272_197338	66.25	951	268	15	11	952	19	925	0.0	 1230
sp|O81211|RBOHE_ARATH	scaffold0319_32052	61.15	767	266	11	150	904	156	902	0.0	  966
sp|O81211|RBOHE_ARATH	scaffold0169_1468101	50.22	916	384	14	53	952	52	911	0.0	  878
sp|O81211|RBOHE_ARATH	scaffold0294_996139	51.66	842	354	13	127	952	115	919	0.0	  875
sp|O81211|RBOHE_ARATH	scaffold0854_385898	51.67	840	353	13	127	952	110	910	0.0	  873
sp|O81211|RBOHE_ARATH	scaffold0280_1263879	54.00	750	301	9	52	772	28	762	0.0	  786
sp|O81211|RBOHE_ARATH	scaffold3830_9458	54.34	357	145	4	423	777	1	341	2e-129	  398
sp|Q9SBI0|RBOHB_ARATH	scaffold0170_1831951	67.49	889	235	11	1	843	3	883	0.0	 1224
sp|Q9SBI0|RBOHB_ARATH	scaffold0854_385898	61.07	863	289	12	23	843	53	910	0.0	 1088
sp|Q9SBI0|RBOHB_ARATH	scaffold0294_996139	60.25	868	293	13	22	843	58	919	0.0	 1082
sp|Q9SBI0|RBOHB_ARATH	scaffold0702_194727	59.33	868	296	13	25	843	54	913	0.0	 1049
sp|Q9SBI0|RBOHB_ARATH	scaffold0169_1468101	59.01	866	301	12	25	843	53	911	0.0	 1039
sp|Q9SBI0|RBOHB_ARATH	scaffold0319_32052	59.44	747	269	8	74	796	167	903	0.0	  897
sp|Q9SBI0|RBOHB_ARATH	scaffold0272_197338	52.03	886	343	14	27	843	53	925	0.0	  845
sp|Q9SBI0|RBOHB_ARATH	scaffold0280_1263879	59.67	610	234	7	74	681	163	762	0.0	  736
sp|Q9SBI0|RBOHB_ARATH	scaffold3830_9458	51.92	364	155	4	328	690	1	345	1e-129	  395
sp|Q9SBI0-2|RBOHB_ARATH	scaffold0170_1831951	64.84	657	183	9	1	617	3	651	0.0	  868
sp|Q9SBI0-2|RBOHB_ARATH	scaffold0854_385898	60.28	632	209	10	23	617	53	679	0.0	  767
sp|Q9SBI0-2|RBOHB_ARATH	scaffold0294_996139	59.87	633	211	11	22	617	58	684	0.0	  766
sp|Q9SBI0-2|RBOHB_ARATH	scaffold0702_194727	57.48	628	224	10	25	617	54	673	0.0	  732
sp|Q9SBI0-2|RBOHB_ARATH	scaffold0169_1468101	57.19	626	228	8	25	617	53	671	0.0	  725
sp|Q9SBI0-2|RBOHB_ARATH	scaffold0319_32052	59.71	546	211	6	74	617	167	705	0.0	  665
sp|Q9SBI0-2|RBOHB_ARATH	scaffold0280_1263879	58.97	546	215	6	74	617	163	701	0.0	  651
sp|Q9SBI0-2|RBOHB_ARATH	scaffold0272_197338	50.78	640	257	10	27	617	53	683	0.0	  583
sp|Q9SBI0-2|RBOHB_ARATH	scaffold3830_9458	54.95	293	129	3	328	619	1	291	5e-111	  341
sp|Q9SUT8|RBOHI_ARATH	scaffold0319_32052	58.36	915	331	14	10	893	7	902	0.0	 1039
sp|Q9SUT8|RBOHI_ARATH	scaffold0294_996139	54.55	825	331	15	137	941	119	919	0.0	  876
sp|Q9SUT8|RBOHI_ARATH	scaffold0854_385898	54.58	830	319	17	137	941	114	910	0.0	  868
sp|Q9SUT8|RBOHI_ARATH	scaffold0170_1831951	55.57	799	309	12	159	941	115	883	0.0	  865
sp|Q9SUT8|RBOHI_ARATH	scaffold0272_197338	55.23	813	340	9	140	941	126	925	0.0	  862
sp|Q9SUT8|RBOHI_ARATH	scaffold0280_1263879	57.77	772	289	11	7	753	3	762	0.0	  851
sp|Q9SUT8|RBOHI_ARATH	scaffold3830_9458	50.84	356	160	2	405	759	1	342	6e-120	  373
sp|Q9FJD6|RBOHH_ARATH	scaffold1323_154122	60.42	902	313	9	8	886	6	886	0.0	 1121
sp|Q9FJD6|RBOHH_ARATH	scaffold0170_1831951	50.82	797	360	13	96	886	113	883	0.0	  822
sp|Q9FJD6|RBOHH_ARATH	scaffold0319_32052	51.13	753	341	7	96	838	167	902	0.0	  782
sp|Q9LZU9|RBOHJ_ARATH	scaffold1323_154122	59.61	916	322	6	10	912	6	886	0.0	 1120
sp|Q9SW17|RBOHG_ARATH	scaffold0294_996139	65.21	799	258	7	65	849	127	919	0.0	 1105
sp|Q9SW17|RBOHG_ARATH	scaffold0854_385898	64.82	796	262	6	65	849	122	910	0.0	 1090
sp|Q9SW17|RBOHG_ARATH	scaffold0702_194727	64.05	815	266	10	55	849	106	913	0.0	 1090
sp|Q9SW17|RBOHG_ARATH	scaffold0169_1468101	64.83	799	258	8	67	849	120	911	0.0	 1083
sp|Q9SW17|RBOHG_ARATH	scaffold0170_1831951	58.35	814	315	10	48	849	82	883	0.0	 1003
sp|Q9SW17|RBOHG_ARATH	scaffold0319_32052	55.60	768	307	12	59	802	146	903	0.0	  858
sp|Q9SW17|RBOHG_ARATH	scaffold0272_197338	51.89	794	347	11	80	849	143	925	0.0	  825
sp|Q9SW17|RBOHG_ARATH	scaffold0280_1263879	56.16	625	256	10	65	681	148	762	0.0	  695
sp|Q9SW17|RBOHG_ARATH	scaffold3830_9458	51.52	361	161	5	334	693	1	348	5e-126	  386
