sp|Q9M0B6|GAE1_ARATH	scaffold0097_288337	85.88	432	57	2	1	429	1	431	0.0	  782
sp|Q9M0B6|GAE1_ARATH	scaffold0121_1819617	86.35	425	55	1	1	422	1	425	0.0	  774
sp|Q9M0B6|GAE1_ARATH	scaffold0105_116389	70.17	419	116	3	10	419	14	432	0.0	  592
sp|Q9M0B6|GAE1_ARATH	scaffold1234_108503	63.82	445	128	3	10	426	5	444	0.0	  573
sp|Q9M0B6|GAE1_ARATH	scaffold0484_916433	72.98	359	97	0	68	426	86	444	0.0	  560
sp|Q9M0B6|GAE1_ARATH	scaffold0441_7534	75.71	350	84	1	71	419	57	406	0.0	  549
sp|Q9M0B6|GAE1_ARATH	scaffold0426_342628	74.57	350	88	1	71	419	54	403	0.0	  545
sp|Q9M0B6|GAE1_ARATH	scaffold0580_387871	69.41	376	109	1	47	416	141	516	0.0	  531
sp|Q9M0B6|GAE1_ARATH	scaffold0537_822051	66.36	431	138	2	1	424	1	431	0.0	  519
sp|Q9M0B6|GAE1_ARATH	scaffold0537_855875	74.78	230	55	1	190	416	3	232	2e-105	  316
sp|Q9M0B6|GAE1_ARATH	scaffold0248_964500	87.00	100	13	0	167	266	1	100	5e-57	  187
sp|Q9LPC1|GAE2_ARATH	scaffold0105_116389	87.19	437	49	4	1	432	7	441	0.0	  772
sp|Q9LPC1|GAE2_ARATH	scaffold0441_7534	75.36	414	99	3	17	429	1	412	0.0	  605
sp|Q9LPC1|GAE2_ARATH	scaffold0580_387871	79.47	375	75	1	46	420	144	516	0.0	  608
sp|Q9LPC1|GAE2_ARATH	scaffold0426_342628	74.64	414	99	3	17	429	1	409	0.0	  603
sp|Q9LPC1|GAE2_ARATH	scaffold0097_288337	70.14	432	124	3	1	430	1	429	0.0	  604
sp|Q9LPC1|GAE2_ARATH	scaffold0121_1819617	69.27	423	127	2	8	430	10	429	0.0	  592
sp|Q9LPC1|GAE2_ARATH	scaffold0537_822051	76.78	435	92	4	1	429	1	432	0.0	  592
sp|Q9LPC1|GAE2_ARATH	scaffold1234_108503	68.67	415	115	2	24	423	23	437	0.0	  591
sp|Q9LPC1|GAE2_ARATH	scaffold0484_916433	68.67	415	115	2	24	423	23	437	0.0	  584
sp|Q9LPC1|GAE2_ARATH	scaffold0537_855875	84.35	230	33	1	194	420	3	232	5e-121	  356
sp|Q9LPC1|GAE2_ARATH	scaffold0248_964500	92.00	100	8	0	171	270	1	100	4e-60	  195
sp|O81312|GAE3_ARATH	scaffold0105_116389	88.33	437	41	6	1	428	4	439	0.0	  776
sp|O81312|GAE3_ARATH	scaffold0441_7534	76.76	413	87	4	20	428	6	413	0.0	  604
sp|O81312|GAE3_ARATH	scaffold0097_288337	69.95	436	110	6	4	426	1	428	0.0	  602
sp|O81312|GAE3_ARATH	scaffold0580_387871	79.05	377	75	2	43	419	144	516	0.0	  604
sp|O81312|GAE3_ARATH	scaffold0426_342628	75.43	411	93	4	20	428	6	410	0.0	  598
sp|O81312|GAE3_ARATH	scaffold0537_822051	75.80	438	91	4	4	430	1	434	0.0	  593
sp|O81312|GAE3_ARATH	scaffold0121_1819617	69.18	425	116	6	11	426	10	428	0.0	  588
sp|O81312|GAE3_ARATH	scaffold1234_108503	68.43	415	118	2	21	422	23	437	0.0	  588
sp|O81312|GAE3_ARATH	scaffold0484_916433	68.19	415	119	2	21	422	23	437	0.0	  582
sp|O81312|GAE3_ARATH	scaffold0537_855875	84.35	230	33	1	193	419	3	232	5e-121	  356
sp|O81312|GAE3_ARATH	scaffold0248_964500	93.00	100	7	0	170	269	1	100	1e-60	  196
sp|O22141|GAE4_ARATH	scaffold0105_116389	82.46	439	70	6	1	436	7	441	0.0	  729
sp|O22141|GAE4_ARATH	scaffold0441_7534	74.15	414	100	3	16	429	1	407	0.0	  607
sp|O22141|GAE4_ARATH	scaffold0097_288337	69.12	434	116	6	1	428	1	422	0.0	  604
sp|O22141|GAE4_ARATH	scaffold0426_342628	73.19	414	101	3	16	429	1	404	0.0	  602
sp|O22141|GAE4_ARATH	scaffold0537_822051	74.72	443	96	5	1	436	1	434	0.0	  599
sp|O22141|GAE4_ARATH	scaffold0580_387871	76.36	385	80	2	41	425	143	516	0.0	  599
sp|O22141|GAE4_ARATH	scaffold0121_1819617	68.47	425	118	6	8	428	10	422	0.0	  590
sp|O22141|GAE4_ARATH	scaffold1234_108503	66.44	435	130	5	8	428	5	437	0.0	  588
sp|O22141|GAE4_ARATH	scaffold0484_916433	65.60	439	127	5	8	428	5	437	0.0	  578
sp|O22141|GAE4_ARATH	scaffold0537_855875	85.22	230	31	1	199	425	3	232	1e-124	  365
sp|O22141|GAE4_ARATH	scaffold0248_964500	90.00	100	10	0	176	275	1	100	1e-59	  194
sp|Q9LIS3|GAE6_ARATH	scaffold1234_108503	82.17	460	74	3	3	458	1	456	0.0	  778
sp|Q9LIS3|GAE6_ARATH	scaffold0484_916433	81.09	460	79	2	3	458	1	456	0.0	  764
sp|Q9LIS3|GAE6_ARATH	scaffold0105_116389	68.51	416	106	4	35	445	39	434	0.0	  577
sp|Q9LIS3|GAE6_ARATH	scaffold0097_288337	64.45	436	131	3	9	444	12	423	0.0	  567
sp|Q9LIS3|GAE6_ARATH	scaffold0121_1819617	63.30	436	136	3	9	444	12	423	0.0	  555
sp|Q9LIS3|GAE6_ARATH	scaffold0580_387871	73.93	349	91	0	92	440	168	516	0.0	  551
sp|Q9LIS3|GAE6_ARATH	scaffold0426_342628	73.64	349	91	1	96	443	55	403	0.0	  537
sp|Q9LIS3|GAE6_ARATH	scaffold0441_7534	73.93	349	90	1	96	443	58	406	0.0	  536
sp|Q9LIS3|GAE6_ARATH	scaffold0537_822051	75.00	356	89	0	88	443	71	426	0.0	  527
sp|Q9LIS3|GAE6_ARATH	scaffold0537_855875	76.52	230	51	1	214	440	3	232	2e-111	  333
sp|Q9LIS3|GAE6_ARATH	scaffold0248_964500	80.95	105	20	0	191	295	1	105	2e-52	  176
sp|Q9STI6|GAE5_ARATH	scaffold0105_116389	73.53	442	100	5	1	434	7	439	0.0	  656
sp|Q9STI6|GAE5_ARATH	scaffold0580_387871	76.84	393	84	1	44	436	143	528	0.0	  602
sp|Q9STI6|GAE5_ARATH	scaffold0537_822051	75.85	443	92	5	1	436	1	435	0.0	  593
sp|Q9STI6|GAE5_ARATH	scaffold0097_288337	67.37	429	131	2	1	427	1	422	0.0	  588
sp|Q9STI6|GAE5_ARATH	scaffold0426_342628	79.55	357	72	1	80	435	55	411	0.0	  587
sp|Q9STI6|GAE5_ARATH	scaffold1234_108503	70.86	405	107	3	34	427	33	437	0.0	  589
sp|Q9STI6|GAE5_ARATH	scaffold0441_7534	79.83	357	71	1	80	435	58	414	0.0	  587
sp|Q9STI6|GAE5_ARATH	scaffold0121_1819617	67.77	422	127	3	7	427	9	422	0.0	  581
sp|Q9STI6|GAE5_ARATH	scaffold0484_916433	65.90	437	133	4	7	427	1	437	0.0	  572
sp|Q9STI6|GAE5_ARATH	scaffold0537_855875	82.23	242	40	1	198	436	3	244	6e-117	  346
sp|Q9STI6|GAE5_ARATH	scaffold0248_964500	87.00	100	13	0	175	274	1	100	3e-55	  182
